This is pdfTeX, Version 3.14159265-2.6-1.40.16 (TeX Live 2015/Debian) (preloaded format=pdflatex 2018.10.14)  11 MAR 2019 16:38
entering extended mode
 restricted \write18 enabled.
 %&-line parsing enabled.
**topological_networks.tex
(./topological_networks.tex
LaTeX2e <2016/02/01>
Babel <3.9q> and hyphenation patterns for 81 language(s) loaded.
(/usr/share/texlive/texmf-dist/tex/latex/beamer/beamer.cls
(/usr/share/texlive/texmf-dist/tex/latex/beamer/beamerbasercs.sty
Package: beamerbasercs 2015/03/08 (rcs-revision 368aa9ba9d38)
)
Document Class: beamer 2015/01/05 3.36 A class for typesetting presentations (r
cs-revision 8a39122e1f63)
(/usr/share/texlive/texmf-dist/tex/latex/beamer/beamerbasemodes.sty
Package: beamerbasemodes 2013/09/03 (rcs-revision 768f2d98ca64)
\beamer@tempbox=\box26
\beamer@tempcount=\count79
\c@beamerpauses=\count80

(/usr/share/texlive/texmf-dist/tex/latex/beamer/beamerbasedecode.sty
Package: beamerbasedecode 2010/05/01 (rcs-revision efa082c6111d)
\beamer@slideinframe=\count81
\beamer@minimum=\count82
)
\beamer@commentbox=\box27
\beamer@modecount=\count83
)
(/usr/share/texlive/texmf-dist/tex/generic/oberdiek/ifpdf.sty
Package: ifpdf 2011/01/30 v2.3 Provides the ifpdf switch (HO)
Package ifpdf Info: pdfTeX in PDF mode is detected.
)
\headheight=\dimen102
\headdp=\dimen103
\footheight=\dimen104
\sidebarheight=\dimen105
\beamer@tempdim=\dimen106
\beamer@finalheight=\dimen107
\beamer@animht=\dimen108
\beamer@animdp=\dimen109
\beamer@animwd=\dimen110
\beamer@leftmargin=\dimen111
\beamer@rightmargin=\dimen112
\beamer@leftsidebar=\dimen113
\beamer@rightsidebar=\dimen114
\beamer@boxsize=\dimen115
\beamer@vboxoffset=\dimen116
\beamer@descdefault=\dimen117
\beamer@descriptionwidth=\dimen118
\beamer@lastskip=\skip41
\beamer@areabox=\box28
\beamer@animcurrent=\box29
\beamer@animshowbox=\box30
\beamer@sectionbox=\box31
\beamer@logobox=\box32
\beamer@linebox=\box33
\beamer@sectioncount=\count84
\beamer@subsubsectionmax=\count85
\beamer@subsectionmax=\count86
\beamer@sectionmax=\count87
\beamer@totalheads=\count88
\beamer@headcounter=\count89
\beamer@partstartpage=\count90
\beamer@sectionstartpage=\count91
\beamer@subsectionstartpage=\count92
\beamer@animationtempa=\count93
\beamer@animationtempb=\count94
\beamer@xpos=\count95
\beamer@ypos=\count96
\beamer@showpartnumber=\count97
\beamer@currentsubsection=\count98
\beamer@coveringdepth=\count99
\beamer@sectionadjust=\count100
\beamer@tocsectionnumber=\count101

(/usr/share/texlive/texmf-dist/tex/latex/beamer/beamerbaseoptions.sty
Package: beamerbaseoptions 2013/03/10 (rcs-revision 47431932db0d)

(/usr/share/texlive/texmf-dist/tex/latex/graphics/keyval.sty
Package: keyval 2014/10/28 v1.15 key=value parser (DPC)
\KV@toks@=\toks14
))
\beamer@paperwidth=\skip42
\beamer@paperheight=\skip43

(/usr/share/texlive/texmf-dist/tex/latex/geometry/geometry.sty
Package: geometry 2010/09/12 v5.6 Page Geometry

(/usr/share/texlive/texmf-dist/tex/generic/oberdiek/ifvtex.sty
Package: ifvtex 2010/03/01 v1.5 Detect VTeX and its facilities (HO)
Package ifvtex Info: VTeX not detected.
)
(/usr/share/texlive/texmf-dist/tex/generic/ifxetex/ifxetex.sty
Package: ifxetex 2010/09/12 v0.6 Provides ifxetex conditional
)
\Gm@cnth=\count102
\Gm@cntv=\count103
\c@Gm@tempcnt=\count104
\Gm@bindingoffset=\dimen119
\Gm@wd@mp=\dimen120
\Gm@odd@mp=\dimen121
\Gm@even@mp=\dimen122
\Gm@layoutwidth=\dimen123
\Gm@layoutheight=\dimen124
\Gm@layouthoffset=\dimen125
\Gm@layoutvoffset=\dimen126
\Gm@dimlist=\toks15
)
(/usr/share/texlive/texmf-dist/tex/latex/base/fleqn.clo
File: fleqn.clo 2015/03/31 v1.1i Standard LaTeX option (flush left equations)
\mathindent=\dimen127
Applying: [2015/01/01] Make \[ robust on input line 50.
LaTeX Info: Redefining \[ on input line 51.
Already applied: [0000/00/00] Make \[ robust on input line 62.
Applying: [2015/01/01] Make \] robust on input line 74.
LaTeX Info: Redefining \] on input line 75.
Already applied: [0000/00/00] Make \] robust on input line 83.
)
(/usr/share/texlive/texmf-dist/tex/latex/base/size11.clo
File: size11.clo 2014/09/29 v1.4h Standard LaTeX file (size option)
)
(/usr/share/texlive/texmf-dist/tex/latex/pgf/basiclayer/pgfcore.sty
(/usr/share/texlive/texmf-dist/tex/latex/graphics/graphicx.sty
Package: graphicx 2014/10/28 v1.0g Enhanced LaTeX Graphics (DPC,SPQR)

(/usr/share/texlive/texmf-dist/tex/latex/graphics/graphics.sty
Package: graphics 2016/01/03 v1.0q Standard LaTeX Graphics (DPC,SPQR)

(/usr/share/texlive/texmf-dist/tex/latex/graphics/trig.sty
Package: trig 2016/01/03 v1.10 sin cos tan (DPC)
)
(/usr/share/texlive/texmf-dist/tex/latex/latexconfig/graphics.cfg
File: graphics.cfg 2010/04/23 v1.9 graphics configuration of TeX Live
)
Package graphics Info: Driver file: pdftex.def on input line 95.

(/usr/share/texlive/texmf-dist/tex/latex/pdftex-def/pdftex.def
File: pdftex.def 2011/05/27 v0.06d Graphics/color for pdfTeX

(/usr/share/texlive/texmf-dist/tex/generic/oberdiek/infwarerr.sty
Package: infwarerr 2010/04/08 v1.3 Providing info/warning/error messages (HO)
)
(/usr/share/texlive/texmf-dist/tex/generic/oberdiek/ltxcmds.sty
Package: ltxcmds 2011/11/09 v1.22 LaTeX kernel commands for general use (HO)
)
\Gread@gobject=\count105
))
\Gin@req@height=\dimen128
\Gin@req@width=\dimen129
)
(/usr/share/texlive/texmf-dist/tex/latex/pgf/systemlayer/pgfsys.sty
(/usr/share/texlive/texmf-dist/tex/latex/pgf/utilities/pgfrcs.sty
(/usr/share/texlive/texmf-dist/tex/generic/pgf/utilities/pgfutil-common.tex
\pgfutil@everybye=\toks16
\pgfutil@tempdima=\dimen130
\pgfutil@tempdimb=\dimen131

(/usr/share/texlive/texmf-dist/tex/generic/pgf/utilities/pgfutil-common-lists.t
ex)) (/usr/share/texlive/texmf-dist/tex/generic/pgf/utilities/pgfutil-latex.def
\pgfutil@abb=\box34
(/usr/share/texlive/texmf-dist/tex/latex/ms/everyshi.sty
Package: everyshi 2001/05/15 v3.00 EveryShipout Package (MS)
))
(/usr/share/texlive/texmf-dist/tex/generic/pgf/utilities/pgfrcs.code.tex
Package: pgfrcs 2015/08/07 v3.0.1a (rcs-revision 1.31)
))
(/usr/share/texlive/texmf-dist/tex/generic/pgf/systemlayer/pgfsys.code.tex
Package: pgfsys 2014/07/09 v3.0.1a (rcs-revision 1.48)

(/usr/share/texlive/texmf-dist/tex/generic/pgf/utilities/pgfkeys.code.tex
\pgfkeys@pathtoks=\toks17
\pgfkeys@temptoks=\toks18

(/usr/share/texlive/texmf-dist/tex/generic/pgf/utilities/pgfkeysfiltered.code.t
ex
\pgfkeys@tmptoks=\toks19
))
\pgf@x=\dimen132
\pgf@y=\dimen133
\pgf@xa=\dimen134
\pgf@ya=\dimen135
\pgf@xb=\dimen136
\pgf@yb=\dimen137
\pgf@xc=\dimen138
\pgf@yc=\dimen139
\w@pgf@writea=\write3
\r@pgf@reada=\read1
\c@pgf@counta=\count106
\c@pgf@countb=\count107
\c@pgf@countc=\count108
\c@pgf@countd=\count109
\t@pgf@toka=\toks20
\t@pgf@tokb=\toks21
\t@pgf@tokc=\toks22
 (/usr/share/texlive/texmf-dist/tex/generic/pgf/systemlayer/pgf.cfg
File: pgf.cfg 2008/05/14  (rcs-revision 1.7)
)
Driver file for pgf: pgfsys-pdftex.def

(/usr/share/texlive/texmf-dist/tex/generic/pgf/systemlayer/pgfsys-pdftex.def
File: pgfsys-pdftex.def 2014/10/11  (rcs-revision 1.35)

(/usr/share/texlive/texmf-dist/tex/generic/pgf/systemlayer/pgfsys-common-pdf.de
f
File: pgfsys-common-pdf.def 2013/10/10  (rcs-revision 1.13)
)))
(/usr/share/texlive/texmf-dist/tex/generic/pgf/systemlayer/pgfsyssoftpath.code.
tex
File: pgfsyssoftpath.code.tex 2013/09/09  (rcs-revision 1.9)
\pgfsyssoftpath@smallbuffer@items=\count110
\pgfsyssoftpath@bigbuffer@items=\count111
)
(/usr/share/texlive/texmf-dist/tex/generic/pgf/systemlayer/pgfsysprotocol.code.
tex
File: pgfsysprotocol.code.tex 2006/10/16  (rcs-revision 1.4)
)) (/usr/share/texlive/texmf-dist/tex/latex/xcolor/xcolor.sty
Package: xcolor 2007/01/21 v2.11 LaTeX color extensions (UK)

(/usr/share/texlive/texmf-dist/tex/latex/latexconfig/color.cfg
File: color.cfg 2007/01/18 v1.5 color configuration of teTeX/TeXLive
)
Package xcolor Info: Driver file: pdftex.def on input line 225.
Package xcolor Info: Model `cmy' substituted by `cmy0' on input line 1337.
Package xcolor Info: Model `hsb' substituted by `rgb' on input line 1341.
Package xcolor Info: Model `RGB' extended on input line 1353.
Package xcolor Info: Model `HTML' substituted by `rgb' on input line 1355.
Package xcolor Info: Model `Hsb' substituted by `hsb' on input line 1356.
Package xcolor Info: Model `tHsb' substituted by `hsb' on input line 1357.
Package xcolor Info: Model `HSB' substituted by `hsb' on input line 1358.
Package xcolor Info: Model `Gray' substituted by `gray' on input line 1359.
Package xcolor Info: Model `wave' substituted by `hsb' on input line 1360.
)
(/usr/share/texlive/texmf-dist/tex/generic/pgf/basiclayer/pgfcore.code.tex
Package: pgfcore 2010/04/11 v3.0.1a (rcs-revision 1.7)

(/usr/share/texlive/texmf-dist/tex/generic/pgf/math/pgfmath.code.tex
(/usr/share/texlive/texmf-dist/tex/generic/pgf/math/pgfmathcalc.code.tex
(/usr/share/texlive/texmf-dist/tex/generic/pgf/math/pgfmathutil.code.tex)
(/usr/share/texlive/texmf-dist/tex/generic/pgf/math/pgfmathparser.code.tex
\pgfmath@dimen=\dimen140
\pgfmath@count=\count112
\pgfmath@box=\box35
\pgfmath@toks=\toks23
\pgfmath@stack@operand=\toks24
\pgfmath@stack@operation=\toks25
)
(/usr/share/texlive/texmf-dist/tex/generic/pgf/math/pgfmathfunctions.code.tex
(/usr/share/texlive/texmf-dist/tex/generic/pgf/math/pgfmathfunctions.basic.code
.tex)
(/usr/share/texlive/texmf-dist/tex/generic/pgf/math/pgfmathfunctions.trigonomet
ric.code.tex)
(/usr/share/texlive/texmf-dist/tex/generic/pgf/math/pgfmathfunctions.random.cod
e.tex)
(/usr/share/texlive/texmf-dist/tex/generic/pgf/math/pgfmathfunctions.comparison
.code.tex)
(/usr/share/texlive/texmf-dist/tex/generic/pgf/math/pgfmathfunctions.base.code.
tex)
(/usr/share/texlive/texmf-dist/tex/generic/pgf/math/pgfmathfunctions.round.code
.tex)
(/usr/share/texlive/texmf-dist/tex/generic/pgf/math/pgfmathfunctions.misc.code.
tex)
(/usr/share/texlive/texmf-dist/tex/generic/pgf/math/pgfmathfunctions.integerari
thmetics.code.tex)))
(/usr/share/texlive/texmf-dist/tex/generic/pgf/math/pgfmathfloat.code.tex
\c@pgfmathroundto@lastzeros=\count113
))
(/usr/share/texlive/texmf-dist/tex/generic/pgf/basiclayer/pgfcorepoints.code.te
x
File: pgfcorepoints.code.tex 2013/10/07  (rcs-revision 1.27)
\pgf@picminx=\dimen141
\pgf@picmaxx=\dimen142
\pgf@picminy=\dimen143
\pgf@picmaxy=\dimen144
\pgf@pathminx=\dimen145
\pgf@pathmaxx=\dimen146
\pgf@pathminy=\dimen147
\pgf@pathmaxy=\dimen148
\pgf@xx=\dimen149
\pgf@xy=\dimen150
\pgf@yx=\dimen151
\pgf@yy=\dimen152
\pgf@zx=\dimen153
\pgf@zy=\dimen154
)
(/usr/share/texlive/texmf-dist/tex/generic/pgf/basiclayer/pgfcorepathconstruct.
code.tex
File: pgfcorepathconstruct.code.tex 2013/10/07  (rcs-revision 1.29)
\pgf@path@lastx=\dimen155
\pgf@path@lasty=\dimen156
)
(/usr/share/texlive/texmf-dist/tex/generic/pgf/basiclayer/pgfcorepathusage.code
.tex
File: pgfcorepathusage.code.tex 2014/11/02  (rcs-revision 1.24)
\pgf@shorten@end@additional=\dimen157
\pgf@shorten@start@additional=\dimen158
)
(/usr/share/texlive/texmf-dist/tex/generic/pgf/basiclayer/pgfcorescopes.code.te
x
File: pgfcorescopes.code.tex 2015/05/08  (rcs-revision 1.46)
\pgfpic=\box36
\pgf@hbox=\box37
\pgf@layerbox@main=\box38
\pgf@picture@serial@count=\count114
)
(/usr/share/texlive/texmf-dist/tex/generic/pgf/basiclayer/pgfcoregraphicstate.c
ode.tex
File: pgfcoregraphicstate.code.tex 2014/11/02  (rcs-revision 1.12)
\pgflinewidth=\dimen159
)
(/usr/share/texlive/texmf-dist/tex/generic/pgf/basiclayer/pgfcoretransformation
s.code.tex
File: pgfcoretransformations.code.tex 2015/08/07  (rcs-revision 1.20)
\pgf@pt@x=\dimen160
\pgf@pt@y=\dimen161
\pgf@pt@temp=\dimen162
)
(/usr/share/texlive/texmf-dist/tex/generic/pgf/basiclayer/pgfcorequick.code.tex
File: pgfcorequick.code.tex 2008/10/09  (rcs-revision 1.3)
)
(/usr/share/texlive/texmf-dist/tex/generic/pgf/basiclayer/pgfcoreobjects.code.t
ex
File: pgfcoreobjects.code.tex 2006/10/11  (rcs-revision 1.2)
)
(/usr/share/texlive/texmf-dist/tex/generic/pgf/basiclayer/pgfcorepathprocessing
.code.tex
File: pgfcorepathprocessing.code.tex 2013/09/09  (rcs-revision 1.9)
)
(/usr/share/texlive/texmf-dist/tex/generic/pgf/basiclayer/pgfcorearrows.code.te
x
File: pgfcorearrows.code.tex 2015/05/14  (rcs-revision 1.43)
\pgfarrowsep=\dimen163
)
(/usr/share/texlive/texmf-dist/tex/generic/pgf/basiclayer/pgfcoreshade.code.tex
File: pgfcoreshade.code.tex 2013/07/15  (rcs-revision 1.15)
\pgf@max=\dimen164
\pgf@sys@shading@range@num=\count115
)
(/usr/share/texlive/texmf-dist/tex/generic/pgf/basiclayer/pgfcoreimage.code.tex
File: pgfcoreimage.code.tex 2013/07/15  (rcs-revision 1.18)

(/usr/share/texlive/texmf-dist/tex/generic/pgf/basiclayer/pgfcoreexternal.code.
tex
File: pgfcoreexternal.code.tex 2014/07/09  (rcs-revision 1.21)
\pgfexternal@startupbox=\box39
))
(/usr/share/texlive/texmf-dist/tex/generic/pgf/basiclayer/pgfcorelayers.code.te
x
File: pgfcorelayers.code.tex 2013/07/18  (rcs-revision 1.7)
)
(/usr/share/texlive/texmf-dist/tex/generic/pgf/basiclayer/pgfcoretransparency.c
ode.tex
File: pgfcoretransparency.code.tex 2013/09/30  (rcs-revision 1.5)
)
(/usr/share/texlive/texmf-dist/tex/generic/pgf/basiclayer/pgfcorepatterns.code.
tex
File: pgfcorepatterns.code.tex 2013/11/07  (rcs-revision 1.5)
))) (/usr/share/texlive/texmf-dist/tex/latex/pgf/utilities/xxcolor.sty
Package: xxcolor 2003/10/24 ver 0.1
\XC@nummixins=\count116
\XC@countmixins=\count117
)
(/usr/share/texlive/texmf-dist/tex/generic/oberdiek/atbegshi.sty
Package: atbegshi 2011/10/05 v1.16 At begin shipout hook (HO)
)
(/usr/share/texlive/texmf-dist/tex/latex/hyperref/hyperref.sty
Package: hyperref 2012/11/06 v6.83m Hypertext links for LaTeX

(/usr/share/texlive/texmf-dist/tex/generic/oberdiek/hobsub-hyperref.sty
Package: hobsub-hyperref 2012/05/28 v1.13 Bundle oberdiek, subset hyperref (HO)


(/usr/share/texlive/texmf-dist/tex/generic/oberdiek/hobsub-generic.sty
Package: hobsub-generic 2012/05/28 v1.13 Bundle oberdiek, subset generic (HO)
Package: hobsub 2012/05/28 v1.13 Construct package bundles (HO)
Package hobsub Info: Skipping package `infwarerr' (already loaded).
Package hobsub Info: Skipping package `ltxcmds' (already loaded).
Package: ifluatex 2010/03/01 v1.3 Provides the ifluatex switch (HO)
Package ifluatex Info: LuaTeX not detected.
Package hobsub Info: Skipping package `ifvtex' (already loaded).
Package: intcalc 2007/09/27 v1.1 Expandable calculations with integers (HO)
Package hobsub Info: Skipping package `ifpdf' (already loaded).
Package: etexcmds 2011/02/16 v1.5 Avoid name clashes with e-TeX commands (HO)
Package etexcmds Info: Could not find \expanded.
(etexcmds)             That can mean that you are not using pdfTeX 1.50 or
(etexcmds)             that some package has redefined \expanded.
(etexcmds)             In the latter case, load this package earlier.
Package: kvsetkeys 2012/04/25 v1.16 Key value parser (HO)
Package: kvdefinekeys 2011/04/07 v1.3 Define keys (HO)
Package: pdftexcmds 2011/11/29 v0.20 Utility functions of pdfTeX for LuaTeX (HO
)
Package pdftexcmds Info: LuaTeX not detected.
Package pdftexcmds Info: \pdf@primitive is available.
Package pdftexcmds Info: \pdf@ifprimitive is available.
Package pdftexcmds Info: \pdfdraftmode found.
Package: pdfescape 2011/11/25 v1.13 Implements pdfTeX's escape features (HO)
Package: bigintcalc 2012/04/08 v1.3 Expandable calculations on big integers (HO
)
Package: bitset 2011/01/30 v1.1 Handle bit-vector datatype (HO)
Package: uniquecounter 2011/01/30 v1.2 Provide unlimited unique counter (HO)
)
Package hobsub Info: Skipping package `hobsub' (already loaded).
Package: letltxmacro 2010/09/02 v1.4 Let assignment for LaTeX macros (HO)
Package: hopatch 2012/05/28 v1.2 Wrapper for package hooks (HO)
Package: xcolor-patch 2011/01/30 xcolor patch
Package: atveryend 2011/06/30 v1.8 Hooks at the very end of document (HO)
Package atveryend Info: \enddocument detected (standard20110627).
Package hobsub Info: Skipping package `atbegshi' (already loaded).
Package: refcount 2011/10/16 v3.4 Data extraction from label references (HO)
Package: hycolor 2011/01/30 v1.7 Color options for hyperref/bookmark (HO)
)
(/usr/share/texlive/texmf-dist/tex/latex/oberdiek/auxhook.sty
Package: auxhook 2011/03/04 v1.3 Hooks for auxiliary files (HO)
)
(/usr/share/texlive/texmf-dist/tex/latex/oberdiek/kvoptions.sty
Package: kvoptions 2011/06/30 v3.11 Key value format for package options (HO)
)
\@linkdim=\dimen165
\Hy@linkcounter=\count118
\Hy@pagecounter=\count119

(/usr/share/texlive/texmf-dist/tex/latex/hyperref/pd1enc.def
File: pd1enc.def 2012/11/06 v6.83m Hyperref: PDFDocEncoding definition (HO)
)
\Hy@SavedSpaceFactor=\count120

(/usr/share/texlive/texmf-dist/tex/latex/latexconfig/hyperref.cfg
File: hyperref.cfg 2002/06/06 v1.2 hyperref configuration of TeXLive
)
Package hyperref Info: Option `bookmarks' set `true' on input line 4319.
Package hyperref Info: Option `bookmarksopen' set `true' on input line 4319.
Package hyperref Info: Option `implicit' set `false' on input line 4319.
Package hyperref Info: Hyper figures OFF on input line 4443.
Package hyperref Info: Link nesting OFF on input line 4448.
Package hyperref Info: Hyper index ON on input line 4451.
Package hyperref Info: Plain pages OFF on input line 4458.
Package hyperref Info: Backreferencing OFF on input line 4463.
Package hyperref Info: Implicit mode OFF; no redefinition of LaTeX internals.
Package hyperref Info: Bookmarks ON on input line 4688.
\c@Hy@tempcnt=\count121

(/usr/share/texlive/texmf-dist/tex/latex/url/url.sty
\Urlmuskip=\muskip10
Package: url 2013/09/16  ver 3.4  Verb mode for urls, etc.
)
LaTeX Info: Redefining \url on input line 5041.
\XeTeXLinkMargin=\dimen166
\Fld@menulength=\count122
\Field@Width=\dimen167
\Fld@charsize=\dimen168
Package hyperref Info: Hyper figures OFF on input line 6295.
Package hyperref Info: Link nesting OFF on input line 6300.
Package hyperref Info: Hyper index ON on input line 6303.
Package hyperref Info: backreferencing OFF on input line 6310.
Package hyperref Info: Link coloring OFF on input line 6315.
Package hyperref Info: Link coloring with OCG OFF on input line 6320.
Package hyperref Info: PDF/A mode OFF on input line 6325.
LaTeX Info: Redefining \ref on input line 6365.
LaTeX Info: Redefining \pageref on input line 6369.
\Hy@abspage=\count123


Package hyperref Message: Stopped early.

)

Package hyperref Message: Driver (autodetected): hpdftex.

(/usr/share/texlive/texmf-dist/tex/latex/hyperref/hpdftex.def
File: hpdftex.def 2012/11/06 v6.83m Hyperref driver for pdfTeX
\Fld@listcount=\count124
\c@bookmark@seq@number=\count125

(/usr/share/texlive/texmf-dist/tex/latex/oberdiek/rerunfilecheck.sty
Package: rerunfilecheck 2011/04/15 v1.7 Rerun checks for auxiliary files (HO)
Package uniquecounter Info: New unique counter `rerunfilecheck' on input line 2
82.
))
(/usr/share/texlive/texmf-dist/tex/latex/beamer/beamerbaserequires.sty
Package: beamerbaserequires 2010/05/01  (rcs-revision efa082c6111d)

(/usr/share/texlive/texmf-dist/tex/latex/beamer/beamerbasecompatibility.sty
Package: beamerbasecompatibility 2012/05/01  (rcs-revision 67c48b3b652d)
)
(/usr/share/texlive/texmf-dist/tex/latex/beamer/beamerbasefont.sty
Package: beamerbasefont 2015/01/05  (rcs-revision b4b4bee242e2)

(/usr/share/texlive/texmf-dist/tex/latex/amsfonts/amssymb.sty
Package: amssymb 2013/01/14 v3.01 AMS font symbols

(/usr/share/texlive/texmf-dist/tex/latex/amsfonts/amsfonts.sty
Package: amsfonts 2013/01/14 v3.01 Basic AMSFonts support
\@emptytoks=\toks26
\symAMSa=\mathgroup4
\symAMSb=\mathgroup5
LaTeX Font Info:    Overwriting math alphabet `\mathfrak' in version `bold'
(Font)                  U/euf/m/n --> U/euf/b/n on input line 106.
))
(/usr/share/texlive/texmf-dist/tex/latex/sansmathaccent/sansmathaccent.sty
Package: sansmathaccent 2013/03/28

(/usr/share/texlive/texmf-dist/tex/latex/filehook/filehook.sty
Package: filehook 2011/10/12 v0.5d Hooks for input files
)))
(/usr/share/texlive/texmf-dist/tex/latex/beamer/beamerbasetranslator.sty
Package: beamerbasetranslator 2010/06/11  (rcs-revision 85fd1cc7fc42)

(/usr/share/texlive/texmf-dist/tex/latex/beamer/translator/translator.sty
Package: translator 2010/06/12 ver 1.10

(/usr/share/texlive/texmf-dist/tex/latex/beamer/translator/translator-language-
mappings.tex)))
(/usr/share/texlive/texmf-dist/tex/latex/beamer/beamerbasemisc.sty
Package: beamerbasemisc 2013/09/03  (rcs-revision a55719c41d85)
)
(/usr/share/texlive/texmf-dist/tex/latex/beamer/beamerbasetwoscreens.sty
Package: beamerbasetwoscreens 2010/05/01  (rcs-revision efa082c6111d)
)
(/usr/share/texlive/texmf-dist/tex/latex/beamer/beamerbaseoverlay.sty
Package: beamerbaseoverlay 2013/12/25  (rcs-revision f6bd5e3805da)
\beamer@argscount=\count126
\beamer@lastskipcover=\skip44
\beamer@trivlistdepth=\count127
)
(/usr/share/texlive/texmf-dist/tex/latex/beamer/beamerbasetitle.sty
Package: beamerbasetitle 2010/09/21  (rcs-revision f0446ed0b6ae)
)
(/usr/share/texlive/texmf-dist/tex/latex/beamer/beamerbasesection.sty
Package: beamerbasesection 2013/06/07  (rcs-revision 60b9fe0f342f)
\c@lecture=\count128
\c@part=\count129
\c@section=\count130
\c@subsection=\count131
\c@subsubsection=\count132
)
(/usr/share/texlive/texmf-dist/tex/latex/beamer/beamerbaseframe.sty
Package: beamerbaseframe 2014/02/20  (rcs-revision 4b8ceeeff434)
\beamer@framebox=\box40
\beamer@frametitlebox=\box41
\beamer@zoombox=\box42
\beamer@zoomcount=\count133
\beamer@zoomframecount=\count134
\beamer@frametextheight=\dimen169
\c@subsectionslide=\count135
\beamer@frametopskip=\skip45
\beamer@framebottomskip=\skip46
\beamer@frametopskipautobreak=\skip47
\beamer@framebottomskipautobreak=\skip48
\beamer@envbody=\toks27
\framewidth=\dimen170
\c@framenumber=\count136
)
(/usr/share/texlive/texmf-dist/tex/latex/beamer/beamerbaseverbatim.sty
Package: beamerbaseverbatim 2015/01/05  (rcs-revision 431510bb5890)
\beamer@verbatimfileout=\write4
)
(/usr/share/texlive/texmf-dist/tex/latex/beamer/beamerbaseframesize.sty
Package: beamerbaseframesize 2011/09/12  (rcs-revision 70f9d8411e54)
\beamer@splitbox=\box43
\beamer@autobreakcount=\count137
\beamer@autobreaklastheight=\dimen171
\beamer@frametitletoks=\toks28
\beamer@framesubtitletoks=\toks29
)
(/usr/share/texlive/texmf-dist/tex/latex/beamer/beamerbaseframecomponents.sty
Package: beamerbaseframecomponents 2013/10/18  (rcs-revision 5cf6c5555a45)
\beamer@footins=\box44
)
(/usr/share/texlive/texmf-dist/tex/latex/beamer/beamerbasecolor.sty
Package: beamerbasecolor 2015/02/21  (rcs-revision d944b04ee2d5)
)
(/usr/share/texlive/texmf-dist/tex/latex/beamer/beamerbasenotes.sty
Package: beamerbasenotes 2012/12/19  (rcs-revision 1686da3db3c9)
\beamer@frameboxcopy=\box45
)
(/usr/share/texlive/texmf-dist/tex/latex/beamer/beamerbasetoc.sty
Package: beamerbasetoc 2015/03/08  (rcs-revision 7270298bbaae)
)
(/usr/share/texlive/texmf-dist/tex/latex/beamer/beamerbasetemplates.sty
Package: beamerbasetemplates 2010/05/01  (rcs-revision efa082c6111d)
\beamer@sbttoks=\toks30

(/usr/share/texlive/texmf-dist/tex/latex/beamer/beamerbaseauxtemplates.sty
Package: beamerbaseauxtemplates 2014/06/30  (rcs-revision 580088513a67)

(/usr/share/texlive/texmf-dist/tex/latex/beamer/beamerbaseboxes.sty
Package: beamerbaseboxes 2012/05/13  (rcs-revision 56972908a390)
\bmb@box=\box46
\bmb@colorbox=\box47
\bmb@boxshadow=\box48
\bmb@boxshadowball=\box49
\bmb@boxshadowballlarge=\box50
\bmb@temp=\dimen172
\bmb@dima=\dimen173
\bmb@dimb=\dimen174
\bmb@prevheight=\dimen175
)
\beamer@blockheadheight=\dimen176
))
(/usr/share/texlive/texmf-dist/tex/latex/beamer/beamerbaselocalstructure.sty
Package: beamerbaselocalstructure 2014/09/10  (rcs-revision 393f6dcff371)

(/usr/share/texlive/texmf-dist/tex/latex/tools/enumerate.sty
Package: enumerate 2015/07/23 v3.00 enumerate extensions (DPC)
\@enLab=\toks31
)
\c@figure=\count138
\c@table=\count139
\abovecaptionskip=\skip49
\belowcaptionskip=\skip50
)
(/usr/share/texlive/texmf-dist/tex/latex/beamer/beamerbasenavigation.sty
Package: beamerbasenavigation 2015/02/27  (rcs-revision 923f4bf87efa)
\beamer@section@min@dim=\dimen177
)
(/usr/share/texlive/texmf-dist/tex/latex/beamer/beamerbasetheorems.sty
Package: beamerbasetheorems 2010/06/06  (rcs-revision 7e7cc5e53e9d)

(/usr/share/texlive/texmf-dist/tex/latex/amsmath/amsmath.sty
Package: amsmath 2016/03/03 v2.15a AMS math features
\@mathmargin=\skip51

For additional information on amsmath, use the `?' option.
(/usr/share/texlive/texmf-dist/tex/latex/amsmath/amstext.sty
Package: amstext 2000/06/29 v2.01 AMS text

(/usr/share/texlive/texmf-dist/tex/latex/amsmath/amsgen.sty
File: amsgen.sty 1999/11/30 v2.0 generic functions
\@emptytoks=\toks32
\ex@=\dimen178
))
(/usr/share/texlive/texmf-dist/tex/latex/amsmath/amsbsy.sty
Package: amsbsy 1999/11/29 v1.2d Bold Symbols
\pmbraise@=\dimen179
)
(/usr/share/texlive/texmf-dist/tex/latex/amsmath/amsopn.sty
Package: amsopn 1999/12/14 v2.01 operator names
)
\inf@bad=\count140
LaTeX Info: Redefining \frac on input line 199.
\uproot@=\count141
\leftroot@=\count142
LaTeX Info: Redefining \overline on input line 297.
\classnum@=\count143
\DOTSCASE@=\count144
LaTeX Info: Redefining \ldots on input line 394.
LaTeX Info: Redefining \dots on input line 397.
LaTeX Info: Redefining \cdots on input line 518.
\Mathstrutbox@=\box51
\strutbox@=\box52
\big@size=\dimen180
LaTeX Font Info:    Redeclaring font encoding OML on input line 630.
LaTeX Font Info:    Redeclaring font encoding OMS on input line 631.
\macc@depth=\count145
\c@MaxMatrixCols=\count146
\dotsspace@=\muskip11
\c@parentequation=\count147
\dspbrk@lvl=\count148
\tag@help=\toks33
\row@=\count149
\column@=\count150
\maxfields@=\count151
\andhelp@=\toks34
\eqnshift@=\dimen181
\alignsep@=\dimen182
\tagshift@=\dimen183
\tagwidth@=\dimen184
\totwidth@=\dimen185
\lineht@=\dimen186
\@envbody=\toks35
\multlinegap=\skip52
\multlinetaggap=\skip53
\mathdisplay@stack=\toks36
LaTeX Info: Redefining \[ on input line 2735.
LaTeX Info: Redefining \] on input line 2736.
)
(/usr/share/texlive/texmf-dist/tex/latex/amscls/amsthm.sty
Package: amsthm 2015/03/04 v2.20.2
\thm@style=\toks37
\thm@bodyfont=\toks38
\thm@headfont=\toks39
\thm@notefont=\toks40
\thm@headpunct=\toks41
\thm@preskip=\skip54
\thm@postskip=\skip55
\thm@headsep=\skip56
\dth@everypar=\toks42
)
\c@theorem=\count152
)
(/usr/share/texlive/texmf-dist/tex/latex/beamer/beamerbasethemes.sty
Package: beamerbasethemes 2010/05/01  (rcs-revision efa082c6111d)
))
(/usr/share/texlive/texmf-dist/tex/latex/beamer/themes/theme/beamerthemedefault
.sty
Package: beamerthemedefault 2010/06/17  (rcs-revision d02a7cf4d8ae)

(/usr/share/texlive/texmf-dist/tex/latex/beamer/themes/font/beamerfontthemedefa
ult.sty
Package: beamerfontthemedefault 2012/12/19  (rcs-revision 1686da3db3c9)
)
(/usr/share/texlive/texmf-dist/tex/latex/beamer/themes/color/beamercolorthemede
fault.sty
Package: beamercolorthemedefault 2012/12/19  (rcs-revision 1686da3db3c9)
)
(/usr/share/texlive/texmf-dist/tex/latex/beamer/themes/inner/beamerinnerthemede
fault.sty
Package: beamerinnerthemedefault 2014/06/30  (rcs-revision 580088513a67)
\beamer@dima=\dimen187
\beamer@dimb=\dimen188
)
(/usr/share/texlive/texmf-dist/tex/latex/beamer/themes/outer/beamerouterthemede
fault.sty
Package: beamerouterthemedefault 2012/12/19  (rcs-revision 1686da3db3c9)
)))
(/usr/share/texlive/texmf-dist/tex/latex/beamer/themes/theme/beamerthemeWarsaw.
sty
Package: beamerthemeWarsaw 2010/06/17  (rcs-revision d02a7cf4d8ae)

(/usr/share/texlive/texmf-dist/tex/latex/beamer/themes/inner/beamerinnerthemero
unded.sty
Package: beamerinnerthemerounded 2010/06/17  (rcs-revision d02a7cf4d8ae)
)
(/usr/share/texlive/texmf-dist/tex/latex/beamer/themes/outer/beamerouterthemesh
adow.sty
Package: beamerouterthemeshadow 2010/06/17  (rcs-revision d02a7cf4d8ae)

(/usr/share/texlive/texmf-dist/tex/latex/beamer/themes/outer/beamerouterthemesp
lit.sty
Package: beamerouterthemesplit 2012/10/16  (rcs-revision 51a8c72084af)
))
(/usr/share/texlive/texmf-dist/tex/latex/beamer/themes/color/beamercolorthemeor
chid.sty
Package: beamercolorthemeorchid 2010/06/17  (rcs-revision d02a7cf4d8ae)
)
(/usr/share/texlive/texmf-dist/tex/latex/beamer/themes/color/beamercolorthemewh
ale.sty
Package: beamercolorthemewhale 2010/06/17  (rcs-revision d02a7cf4d8ae)
)) (/usr/share/texlive/texmf-dist/tex/latex/psnfss/helvet.sty
Package: helvet 2005/04/12 PSNFSS-v9.2a (WaS) 
)
(/usr/share/texlive/texmf-dist/tex/latex/textpos/textpos.sty
Package: textpos 2014/01/03 v1.7j

Package: textpos 2014/01/03 1.7j, absolute positioning of text on the page
\TP@textbox=\box53
\TP@holdbox=\box54
\TPHorizModule=\dimen189
\TPVertModule=\dimen190
\TP@margin=\dimen191
\TP@absmargin=\dimen192
Grid set 16 x 16 = 22.7622pt x 17.07166pt
\TPboxrulesize=\dimen193
\TP@ox=\dimen194
\TP@oy=\dimen195
\TP@tbargs=\toks43
\TP@prevdepth=\dimen196
TextBlockOrigin set to 0pt x 0pt
) (/usr/share/texlive/texmf-dist/tex/generic/babel/babel.sty
Package: babel 2016/02/24 3.9q The Babel package

(/usr/share/texlive/texmf-dist/tex/generic/babel-english/english.ldf
Language: english 2012/08/20 v3.3p English support from the babel system

(/usr/share/texlive/texmf-dist/tex/generic/babel/babel.def
File: babel.def 2016/02/24 3.9q Babel common definitions
\babel@savecnt=\count153
\U@D=\dimen197
LaTeX Info: Redefining \textlatin on input line 1448.
)
\l@canadian = a dialect from \language\l@american 
\l@australian = a dialect from \language\l@british 
\l@newzealand = a dialect from \language\l@british 
))
(/usr/share/texlive/texmf-dist/tex/latex/csquotes/csquotes.sty
Package: csquotes 2016/01/31 v5.1g context-sensitive quotations (JAW)

(/usr/share/texlive/texmf-dist/tex/latex/etoolbox/etoolbox.sty
Package: etoolbox 2015/08/02 v2.2a e-TeX tools for LaTeX (JAW)
\etb@tempcnta=\count154
)
\csq@reset=\count155
\csq@gtype=\count156
\csq@glevel=\count157
\csq@qlevel=\count158
\csq@maxlvl=\count159
\csq@tshold=\count160
\csq@ltx@everypar=\toks44

(/usr/share/texlive/texmf-dist/tex/latex/csquotes/csquotes.def
File: csquotes.def 2016/01/31 v5.1g csquotes generic definitions (JAW)
)
Package csquotes Info: Trying to load configuration file 'csquotes.cfg'...
Package csquotes Info: ... configuration file loaded successfully.

(/usr/share/texlive/texmf-dist/tex/latex/csquotes/csquotes.cfg
File: csquotes.cfg 
)
Package csquotes Info: Disabling multilingual quotes.
Package csquotes Info: Redefining alias 'default' -> 'ngerman'.
)
(/usr/share/texlive/texmf-dist/tex/latex/base/fontenc.sty
Package: fontenc 2005/09/27 v1.99g Standard LaTeX package

(/usr/share/texlive/texmf-dist/tex/latex/base/t1enc.def
File: t1enc.def 2005/09/27 v1.99g Standard LaTeX file
LaTeX Font Info:    Redeclaring font encoding T1 on input line 48.
))
(/usr/share/texmf/tex/latex/lm/lmodern.sty
Package: lmodern 2009/10/30 v1.6 Latin Modern Fonts
LaTeX Font Info:    Overwriting symbol font `operators' in version `normal'
(Font)                  OT1/cmr/m/n --> OT1/lmr/m/n on input line 22.
LaTeX Font Info:    Overwriting symbol font `letters' in version `normal'
(Font)                  OML/cmm/m/it --> OML/lmm/m/it on input line 23.
LaTeX Font Info:    Overwriting symbol font `symbols' in version `normal'
(Font)                  OMS/cmsy/m/n --> OMS/lmsy/m/n on input line 24.
LaTeX Font Info:    Overwriting symbol font `largesymbols' in version `normal'
(Font)                  OMX/cmex/m/n --> OMX/lmex/m/n on input line 25.
LaTeX Font Info:    Overwriting symbol font `operators' in version `bold'
(Font)                  OT1/cmr/bx/n --> OT1/lmr/bx/n on input line 26.
LaTeX Font Info:    Overwriting symbol font `letters' in version `bold'
(Font)                  OML/cmm/b/it --> OML/lmm/b/it on input line 27.
LaTeX Font Info:    Overwriting symbol font `symbols' in version `bold'
(Font)                  OMS/cmsy/b/n --> OMS/lmsy/b/n on input line 28.
LaTeX Font Info:    Overwriting symbol font `largesymbols' in version `bold'
(Font)                  OMX/cmex/m/n --> OMX/lmex/m/n on input line 29.
LaTeX Font Info:    Overwriting math alphabet `\mathbf' in version `normal'
(Font)                  OT1/cmr/bx/n --> OT1/lmr/bx/n on input line 31.
LaTeX Font Info:    Overwriting math alphabet `\mathsf' in version `normal'
(Font)                  OT1/cmss/m/n --> OT1/lmss/m/n on input line 32.
LaTeX Font Info:    Overwriting math alphabet `\mathit' in version `normal'
(Font)                  OT1/cmr/m/it --> OT1/lmr/m/it on input line 33.
LaTeX Font Info:    Overwriting math alphabet `\mathtt' in version `normal'
(Font)                  OT1/cmtt/m/n --> OT1/lmtt/m/n on input line 34.
LaTeX Font Info:    Overwriting math alphabet `\mathbf' in version `bold'
(Font)                  OT1/cmr/bx/n --> OT1/lmr/bx/n on input line 35.
LaTeX Font Info:    Overwriting math alphabet `\mathsf' in version `bold'
(Font)                  OT1/cmss/bx/n --> OT1/lmss/bx/n on input line 36.
LaTeX Font Info:    Overwriting math alphabet `\mathit' in version `bold'
(Font)                  OT1/cmr/bx/it --> OT1/lmr/bx/it on input line 37.
LaTeX Font Info:    Overwriting math alphabet `\mathtt' in version `bold'
(Font)                  OT1/cmtt/m/n --> OT1/lmtt/m/n on input line 38.
)
(/usr/share/texlive/texmf-dist/tex/latex/listings/listings.sty
\lst@mode=\count161
\lst@gtempboxa=\box55
\lst@token=\toks45
\lst@length=\count162
\lst@currlwidth=\dimen198
\lst@column=\count163
\lst@pos=\count164
\lst@lostspace=\dimen199
\lst@width=\dimen256
\lst@newlines=\count165
\lst@lineno=\count166
\lst@maxwidth=\dimen257

(/usr/share/texlive/texmf-dist/tex/latex/listings/lstmisc.sty
File: lstmisc.sty 2015/06/04 1.6 (Carsten Heinz)
\c@lstnumber=\count167
\lst@skipnumbers=\count168
\lst@framebox=\box56
)
(/usr/share/texlive/texmf-dist/tex/latex/listings/listings.cfg
File: listings.cfg 2015/06/04 1.6 listings configuration
))
Package: listings 2015/06/04 1.6 (Carsten Heinz)

(/usr/share/texlive/texmf-dist/tex/latex/tools/array.sty
Package: array 2014/10/28 v2.4c Tabular extension package (FMi)
\col@sep=\dimen258
\extrarowheight=\dimen259
\NC@list=\toks46
\extratabsurround=\skip57
\backup@length=\skip58
)
(/usr/share/texlive/texmf-dist/tex/latex/tools/calc.sty
Package: calc 2014/10/28 v4.3 Infix arithmetic (KKT,FJ)
\calc@Acount=\count169
\calc@Bcount=\count170
\calc@Adimen=\dimen260
\calc@Bdimen=\dimen261
\calc@Askip=\skip59
\calc@Bskip=\skip60
LaTeX Info: Redefining \setlength on input line 80.
LaTeX Info: Redefining \addtolength on input line 81.
\calc@Ccount=\count171
\calc@Cskip=\skip61
)
(/usr/share/texlive/texmf-dist/tex/latex/curves/curves.sty
Package: curves 2009/08/31 1.53 Curves for LaTeX picture environment
\;sc=\count172
\;scp=\count173
\;t=\count174
\;cc=\count175
\;cnd=\count176
\;mcnd=\count177
\;np=\count178
\;overhang=\count179
\;pbs=\count180
\;pns=\count181
\;psc=\count182
\;rc=\count183
\;rtc=\count184
\;tc=\count185
\csdiameter=\skip62
\curvelength=\skip63
\overhang=\skip64
\;x=\skip65
\;dx=\skip66
\;ddx=\skip67
\;y=\skip68
\;dy=\skip69
\;ddy=\skip70
\;pl=\skip71
\;ucd=\skip72
\;csbox=\box57
\;pt=\box58
\;strline=\toks47
\m;ssingcoord=\toks48
\;negdash=\toks49
\;oddcoord=\toks50
\;wc=\count186
\;X=\skip73
\;Y=\skip74
)
(/usr/share/texlive/texmf-dist/tex/latex/fancyhdr/fancyhdr.sty
\fancy@headwidth=\skip75
\f@ncyO@elh=\skip76
\f@ncyO@erh=\skip77
\f@ncyO@olh=\skip78
\f@ncyO@orh=\skip79
\f@ncyO@elf=\skip80
\f@ncyO@erf=\skip81
\f@ncyO@olf=\skip82
\f@ncyO@orf=\skip83
)
(/usr/share/texlive/texmf-dist/tex/latex/fancyvrb/fancyvrb.sty
Package: fancyvrb 2008/02/07

Style option: `fancyvrb' v2.7a, with DG/SPQR fixes, and firstline=lastline fix 
<2008/02/07> (tvz)
\FV@CodeLineNo=\count187
\FV@InFile=\read2
\FV@TabBox=\box59
\c@FancyVerbLine=\count188
\FV@StepNumber=\count189
\FV@OutFile=\write5
) (/usr/share/texlive/texmf-dist/tex/latex/base/latexsym.sty
Package: latexsym 1998/08/17 v2.2e Standard LaTeX package (lasy symbols)
\symlasy=\mathgroup6
LaTeX Font Info:    Overwriting symbol font `lasy' in version `bold'
(Font)                  U/lasy/m/n --> U/lasy/b/n on input line 52.
) (/usr/share/texlive/texmf-dist/tex/latex/setspace/setspace.sty
Package: setspace 2011/12/19 v6.7a set line spacing
)
(/usr/share/texlive/texmf-dist/tex/latex/base/textcomp.sty
Package: textcomp 2005/09/27 v1.99g Standard LaTeX package
Package textcomp Info: Sub-encoding information:
(textcomp)               5 = only ISO-Adobe without \textcurrency
(textcomp)               4 = 5 + \texteuro
(textcomp)               3 = 4 + \textohm
(textcomp)               2 = 3 + \textestimated + \textcurrency
(textcomp)               1 = TS1 - \textcircled - \t
(textcomp)               0 = TS1 (full)
(textcomp)             Font families with sub-encoding setting implement
(textcomp)             only a restricted character set as indicated.
(textcomp)             Family '?' is the default used for unknown fonts.
(textcomp)             See the documentation for details.
Package textcomp Info: Setting ? sub-encoding to TS1/1 on input line 79.

(/usr/share/texlive/texmf-dist/tex/latex/base/ts1enc.def
File: ts1enc.def 2001/06/05 v3.0e (jk/car/fm) Standard LaTeX file
)
LaTeX Info: Redefining \oldstylenums on input line 334.
Package textcomp Info: Setting cmr sub-encoding to TS1/0 on input line 349.
Package textcomp Info: Setting cmss sub-encoding to TS1/0 on input line 350.
Package textcomp Info: Setting cmtt sub-encoding to TS1/0 on input line 351.
Package textcomp Info: Setting cmvtt sub-encoding to TS1/0 on input line 352.
Package textcomp Info: Setting cmbr sub-encoding to TS1/0 on input line 353.
Package textcomp Info: Setting cmtl sub-encoding to TS1/0 on input line 354.
Package textcomp Info: Setting ccr sub-encoding to TS1/0 on input line 355.
Package textcomp Info: Setting ptm sub-encoding to TS1/4 on input line 356.
Package textcomp Info: Setting pcr sub-encoding to TS1/4 on input line 357.
Package textcomp Info: Setting phv sub-encoding to TS1/4 on input line 358.
Package textcomp Info: Setting ppl sub-encoding to TS1/3 on input line 359.
Package textcomp Info: Setting pag sub-encoding to TS1/4 on input line 360.
Package textcomp Info: Setting pbk sub-encoding to TS1/4 on input line 361.
Package textcomp Info: Setting pnc sub-encoding to TS1/4 on input line 362.
Package textcomp Info: Setting pzc sub-encoding to TS1/4 on input line 363.
Package textcomp Info: Setting bch sub-encoding to TS1/4 on input line 364.
Package textcomp Info: Setting put sub-encoding to TS1/5 on input line 365.
Package textcomp Info: Setting uag sub-encoding to TS1/5 on input line 366.
Package textcomp Info: Setting ugq sub-encoding to TS1/5 on input line 367.
Package textcomp Info: Setting ul8 sub-encoding to TS1/4 on input line 368.
Package textcomp Info: Setting ul9 sub-encoding to TS1/4 on input line 369.
Package textcomp Info: Setting augie sub-encoding to TS1/5 on input line 370.
Package textcomp Info: Setting dayrom sub-encoding to TS1/3 on input line 371.
Package textcomp Info: Setting dayroms sub-encoding to TS1/3 on input line 372.

Package textcomp Info: Setting pxr sub-encoding to TS1/0 on input line 373.
Package textcomp Info: Setting pxss sub-encoding to TS1/0 on input line 374.
Package textcomp Info: Setting pxtt sub-encoding to TS1/0 on input line 375.
Package textcomp Info: Setting txr sub-encoding to TS1/0 on input line 376.
Package textcomp Info: Setting txss sub-encoding to TS1/0 on input line 377.
Package textcomp Info: Setting txtt sub-encoding to TS1/0 on input line 378.
Package textcomp Info: Setting lmr sub-encoding to TS1/0 on input line 379.
Package textcomp Info: Setting lmdh sub-encoding to TS1/0 on input line 380.
Package textcomp Info: Setting lmss sub-encoding to TS1/0 on input line 381.
Package textcomp Info: Setting lmssq sub-encoding to TS1/0 on input line 382.
Package textcomp Info: Setting lmvtt sub-encoding to TS1/0 on input line 383.
Package textcomp Info: Setting lmtt sub-encoding to TS1/0 on input line 384.
Package textcomp Info: Setting qhv sub-encoding to TS1/0 on input line 385.
Package textcomp Info: Setting qag sub-encoding to TS1/0 on input line 386.
Package textcomp Info: Setting qbk sub-encoding to TS1/0 on input line 387.
Package textcomp Info: Setting qcr sub-encoding to TS1/0 on input line 388.
Package textcomp Info: Setting qcs sub-encoding to TS1/0 on input line 389.
Package textcomp Info: Setting qpl sub-encoding to TS1/0 on input line 390.
Package textcomp Info: Setting qtm sub-encoding to TS1/0 on input line 391.
Package textcomp Info: Setting qzc sub-encoding to TS1/0 on input line 392.
Package textcomp Info: Setting qhvc sub-encoding to TS1/0 on input line 393.
Package textcomp Info: Setting futs sub-encoding to TS1/4 on input line 394.
Package textcomp Info: Setting futx sub-encoding to TS1/4 on input line 395.
Package textcomp Info: Setting futj sub-encoding to TS1/4 on input line 396.
Package textcomp Info: Setting hlh sub-encoding to TS1/3 on input line 397.
Package textcomp Info: Setting hls sub-encoding to TS1/3 on input line 398.
Package textcomp Info: Setting hlst sub-encoding to TS1/3 on input line 399.
Package textcomp Info: Setting hlct sub-encoding to TS1/5 on input line 400.
Package textcomp Info: Setting hlx sub-encoding to TS1/5 on input line 401.
Package textcomp Info: Setting hlce sub-encoding to TS1/5 on input line 402.
Package textcomp Info: Setting hlcn sub-encoding to TS1/5 on input line 403.
Package textcomp Info: Setting hlcw sub-encoding to TS1/5 on input line 404.
Package textcomp Info: Setting hlcf sub-encoding to TS1/5 on input line 405.
Package textcomp Info: Setting pplx sub-encoding to TS1/3 on input line 406.
Package textcomp Info: Setting pplj sub-encoding to TS1/3 on input line 407.
Package textcomp Info: Setting ptmx sub-encoding to TS1/4 on input line 408.
Package textcomp Info: Setting ptmj sub-encoding to TS1/4 on input line 409.
)
(./topological_networks.aux)
\openout1 = `topological_networks.aux'.

LaTeX Font Info:    Checking defaults for OML/cmm/m/it on input line 107.
LaTeX Font Info:    ... okay on input line 107.
LaTeX Font Info:    Checking defaults for T1/cmr/m/n on input line 107.
LaTeX Font Info:    ... okay on input line 107.
LaTeX Font Info:    Checking defaults for OT1/cmr/m/n on input line 107.
LaTeX Font Info:    ... okay on input line 107.
LaTeX Font Info:    Checking defaults for OMS/cmsy/m/n on input line 107.
LaTeX Font Info:    ... okay on input line 107.
LaTeX Font Info:    Checking defaults for OMX/cmex/m/n on input line 107.
LaTeX Font Info:    ... okay on input line 107.
LaTeX Font Info:    Checking defaults for U/cmr/m/n on input line 107.
LaTeX Font Info:    ... okay on input line 107.
LaTeX Font Info:    Checking defaults for PD1/pdf/m/n on input line 107.
LaTeX Font Info:    ... okay on input line 107.
LaTeX Font Info:    Checking defaults for TS1/cmr/m/n on input line 107.
LaTeX Font Info:    Try loading font information for TS1+cmr on input line 107.


(/usr/share/texlive/texmf-dist/tex/latex/base/ts1cmr.fd
File: ts1cmr.fd 2014/09/29 v2.5h Standard LaTeX font definitions
)
LaTeX Font Info:    ... okay on input line 107.
LaTeX Font Info:    Try loading font information for T1+lmss on input line 107.


(/usr/share/texmf/tex/latex/lm/t1lmss.fd
File: t1lmss.fd 2009/10/30 v1.6 Font defs for Latin Modern
)
*geometry* driver: auto-detecting
*geometry* detected driver: pdftex
*geometry* verbose mode - [ preamble ] result:
* driver: pdftex
* paper: custom
* layout: <same size as paper>
* layoutoffset:(h,v)=(0.0pt,0.0pt)
* modes: includehead includefoot 
* h-part:(L,W,R)=(28.45274pt, 307.28987pt, 28.45274pt)
* v-part:(T,H,B)=(0.0pt, 273.14662pt, 0.0pt)
* \paperwidth=364.19536pt
* \paperheight=273.14662pt
* \textwidth=307.28987pt
* \textheight=244.6939pt
* \oddsidemargin=-43.81725pt
* \evensidemargin=-43.81725pt
* \topmargin=-72.26999pt
* \headheight=14.22636pt
* \headsep=0.0pt
* \topskip=11.0pt
* \footskip=14.22636pt
* \marginparwidth=4.0pt
* \marginparsep=10.0pt
* \columnsep=10.0pt
* \skip\footins=10.0pt plus 4.0pt minus 2.0pt
* \hoffset=0.0pt
* \voffset=0.0pt
* \mag=1000
* \@twocolumnfalse
* \@twosidefalse
* \@mparswitchfalse
* \@reversemarginfalse
* (1in=72.27pt=25.4mm, 1cm=28.453pt)

(/usr/share/texlive/texmf-dist/tex/context/base/supp-pdf.mkii
[Loading MPS to PDF converter (version 2006.09.02).]
\scratchcounter=\count190
\scratchdimen=\dimen262
\scratchbox=\box60
\nofMPsegments=\count191
\nofMParguments=\count192
\everyMPshowfont=\toks51
\MPscratchCnt=\count193
\MPscratchDim=\dimen263
\MPnumerator=\count194
\makeMPintoPDFobject=\count195
\everyMPtoPDFconversion=\toks52
) (/usr/share/texlive/texmf-dist/tex/latex/oberdiek/epstopdf-base.sty
Package: epstopdf-base 2010/02/09 v2.5 Base part for package epstopdf

(/usr/share/texlive/texmf-dist/tex/latex/oberdiek/grfext.sty
Package: grfext 2010/08/19 v1.1 Manage graphics extensions (HO)
)
Package grfext Info: Graphics extension search list:
(grfext)             [.png,.pdf,.jpg,.mps,.jpeg,.jbig2,.jb2,.PNG,.PDF,.JPG,.JPE
G,.JBIG2,.JB2,.eps]
(grfext)             \AppendGraphicsExtensions on input line 452.

(/usr/share/texlive/texmf-dist/tex/latex/latexconfig/epstopdf-sys.cfg
File: epstopdf-sys.cfg 2010/07/13 v1.3 Configuration of (r)epstopdf for TeX Liv
e
))
ABD: EveryShipout initializing macros
\AtBeginShipoutBox=\box61
Package hyperref Info: Link coloring OFF on input line 107.

(/usr/share/texlive/texmf-dist/tex/latex/hyperref/nameref.sty
Package: nameref 2012/10/27 v2.43 Cross-referencing by name of section

(/usr/share/texlive/texmf-dist/tex/generic/oberdiek/gettitlestring.sty
Package: gettitlestring 2010/12/03 v1.4 Cleanup title references (HO)
)
\c@section@level=\count196
)
LaTeX Info: Redefining \ref on input line 107.
LaTeX Info: Redefining \pageref on input line 107.
LaTeX Info: Redefining \nameref on input line 107.

(./topological_networks.out) (./topological_networks.out)
\@outlinefile=\write6
\openout6 = `topological_networks.out'.

LaTeX Font Info:    Overwriting symbol font `operators' in version `normal'
(Font)                  OT1/lmr/m/n --> OT1/cmss/m/n on input line 107.
LaTeX Font Info:    Overwriting symbol font `operators' in version `bold'
(Font)                  OT1/lmr/bx/n --> OT1/cmss/bx/n on input line 107.
LaTeX Font Info:    Overwriting symbol font `operators' in version `normal'
(Font)                  OT1/cmss/m/n --> OT1/lmss/m/n on input line 107.
LaTeX Font Info:    Overwriting symbol font `operators' in version `bold'
(Font)                  OT1/cmss/bx/n --> OT1/lmss/bx/n on input line 107.
\symnumbers=\mathgroup7
\sympureletters=\mathgroup8
LaTeX Font Info:    Overwriting math alphabet `\mathrm' in version `normal'
(Font)                  OT1/lmss/m/n --> T1/lmr/m/n on input line 107.
LaTeX Font Info:    Redeclaring math alphabet \mathbf on input line 107.
LaTeX Font Info:    Overwriting math alphabet `\mathbf' in version `normal'
(Font)                  OT1/lmr/bx/n --> T1/lmss/bx/n on input line 107.
LaTeX Font Info:    Overwriting math alphabet `\mathbf' in version `bold'
(Font)                  OT1/lmr/bx/n --> T1/lmss/bx/n on input line 107.
LaTeX Font Info:    Redeclaring math alphabet \mathsf on input line 107.
LaTeX Font Info:    Overwriting math alphabet `\mathsf' in version `normal'
(Font)                  OT1/lmss/m/n --> T1/lmss/m/n on input line 107.
LaTeX Font Info:    Overwriting math alphabet `\mathsf' in version `bold'
(Font)                  OT1/lmss/bx/n --> T1/lmss/m/n on input line 107.
LaTeX Font Info:    Redeclaring math alphabet \mathit on input line 107.
LaTeX Font Info:    Overwriting math alphabet `\mathit' in version `normal'
(Font)                  OT1/lmr/m/it --> T1/lmss/m/it on input line 107.
LaTeX Font Info:    Overwriting math alphabet `\mathit' in version `bold'
(Font)                  OT1/lmr/bx/it --> T1/lmss/m/it on input line 107.
LaTeX Font Info:    Redeclaring math alphabet \mathtt on input line 107.
LaTeX Font Info:    Overwriting math alphabet `\mathtt' in version `normal'
(Font)                  OT1/lmtt/m/n --> T1/lmtt/m/n on input line 107.
LaTeX Font Info:    Overwriting math alphabet `\mathtt' in version `bold'
(Font)                  OT1/lmtt/m/n --> T1/lmtt/m/n on input line 107.
LaTeX Font Info:    Overwriting symbol font `numbers' in version `bold'
(Font)                  T1/lmss/m/n --> T1/lmss/bx/n on input line 107.
LaTeX Font Info:    Overwriting symbol font `pureletters' in version `bold'
(Font)                  T1/lmss/m/it --> T1/lmss/bx/it on input line 107.
LaTeX Font Info:    Overwriting math alphabet `\mathrm' in version `bold'
(Font)                  OT1/lmss/bx/n --> T1/lmr/bx/n on input line 107.
LaTeX Font Info:    Overwriting math alphabet `\mathbf' in version `bold'
(Font)                  T1/lmss/bx/n --> T1/lmss/bx/n on input line 107.
LaTeX Font Info:    Overwriting math alphabet `\mathsf' in version `bold'
(Font)                  T1/lmss/m/n --> T1/lmss/bx/n on input line 107.
LaTeX Font Info:    Overwriting math alphabet `\mathit' in version `bold'
(Font)                  T1/lmss/m/it --> T1/lmss/bx/it on input line 107.
LaTeX Font Info:    Overwriting math alphabet `\mathtt' in version `bold'
(Font)                  T1/lmtt/m/n --> T1/lmtt/bx/n on input line 107.

(/usr/share/texlive/texmf-dist/tex/latex/beamer/translator/dicts/translator-bas
ic-dictionary/translator-basic-dictionary-English.dict
Dictionary: translator-basic-dictionary, Language: English 
)
(/usr/share/texlive/texmf-dist/tex/latex/beamer/translator/dicts/translator-bib
liography-dictionary/translator-bibliography-dictionary-English.dict
Dictionary: translator-bibliography-dictionary, Language: English 
)
(/usr/share/texlive/texmf-dist/tex/latex/beamer/translator/dicts/translator-env
ironment-dictionary/translator-environment-dictionary-English.dict
Dictionary: translator-environment-dictionary, Language: English 
)
(/usr/share/texlive/texmf-dist/tex/latex/beamer/translator/dicts/translator-mon
ths-dictionary/translator-months-dictionary-English.dict
Dictionary: translator-months-dictionary, Language: English 
)
(/usr/share/texlive/texmf-dist/tex/latex/beamer/translator/dicts/translator-num
bers-dictionary/translator-numbers-dictionary-English.dict
Dictionary: translator-numbers-dictionary, Language: English 
)
(/usr/share/texlive/texmf-dist/tex/latex/beamer/translator/dicts/translator-the
orem-dictionary/translator-theorem-dictionary-English.dict
Dictionary: translator-theorem-dictionary, Language: English 
)
LaTeX Info: Redefining \includegraphics on input line 107.
\c@lstlisting=\count197

(./topological_networks.nav) [1

{/var/lib/texmf/fonts/map/pdftex/updmap/pdftex.map}] (./topological_networks.to
c) [2

] (./topological_networks.toc) [0

]pdfTeX warning (ext4): destination with the same identifier (name{Navigation2}
) has been already used, duplicate ignored
<to be read again> 
                   \relax 
l.148 \end{frame}
                 pdfTeX warning (ext4): destination with the same identifier (n
ame{page.2}) has been already used, duplicate ignored
<to be read again> 
                   \relax 
l.148 \end{frame}
                  [2

]pdfTeX warning (ext4): destination with the same identifier (name{Navigation2}
) has been already used, duplicate ignored
<to be read again> 
                   \relax 
l.148 \end{frame}
                 pdfTeX warning (ext4): destination with the same identifier (n
ame{page.2}) has been already used, duplicate ignored
<to be read again> 
                   \relax 
l.148 \end{frame}
                  [2

]pdfTeX warning (ext4): destination with the same identifier (name{Navigation2}
) has been already used, duplicate ignored
<to be read again> 
                   \relax 
l.148 \end{frame}
                 pdfTeX warning (ext4): destination with the same identifier (n
ame{page.2}) has been already used, duplicate ignored
<to be read again> 
                   \relax 
l.148 \end{frame}
                  [2

]pdfTeX warning (ext4): destination with the same identifier (name{Navigation2}
) has been already used, duplicate ignored
<to be read again> 
                   \relax 
l.148 \end{frame}
                 pdfTeX warning (ext4): destination with the same identifier (n
ame{page.2}) has been already used, duplicate ignored
<to be read again> 
                   \relax 
l.148 \end{frame}
                  [2

]pdfTeX warning (ext4): destination with the same identifier (name{Navigation2}
) has been already used, duplicate ignored
<to be read again> 
                   \relax 
l.148 \end{frame}
                 pdfTeX warning (ext4): destination with the same identifier (n
ame{page.2}) has been already used, duplicate ignored
<to be read again> 
                   \relax 
l.148 \end{frame}
                  [2

]pdfTeX warning (ext4): destination with the same identifier (name{Navigation2}
) has been already used, duplicate ignored
<to be read again> 
                   \relax 
l.148 \end{frame}
                 pdfTeX warning (ext4): destination with the same identifier (n
ame{page.2}) has been already used, duplicate ignored
<to be read again> 
                   \relax 
l.148 \end{frame}
                  [2

]pdfTeX warning (ext4): destination with the same identifier (name{Navigation2}
) has been already used, duplicate ignored
<to be read again> 
                   \relax 
l.148 \end{frame}
                 pdfTeX warning (ext4): destination with the same identifier (n
ame{page.2}) has been already used, duplicate ignored
<to be read again> 
                   \relax 
l.148 \end{frame}
                  [2

]pdfTeX warning (ext4): destination with the same identifier (name{Navigation2}
) has been already used, duplicate ignored
<to be read again> 
                   \relax 
l.148 \end{frame}
                 pdfTeX warning (ext4): destination with the same identifier (n
ame{page.2}) has been already used, duplicate ignored
<to be read again> 
                   \relax 
l.148 \end{frame}
                  [2

] <figures/doiron0.png, id=127, 866.23625pt x 902.37125pt>
File: figures/doiron0.png Graphic file (type png)

<use figures/doiron0.png>
Package pdftex.def Info: figures/doiron0.png used on input line 172.
(pdftex.def)             Requested size: 103.24802pt x 107.55011pt.
LaTeX Font Info:    Try loading font information for OT1+lmss on input line 172
.
 (/usr/share/texmf/tex/latex/lm/ot1lmss.fd
File: ot1lmss.fd 2009/10/30 v1.6 Font defs for Latin Modern
)
LaTeX Font Info:    Try loading font information for OML+lmm on input line 172.


(/usr/share/texmf/tex/latex/lm/omllmm.fd
File: omllmm.fd 2009/10/30 v1.6 Font defs for Latin Modern
)
LaTeX Font Info:    Try loading font information for OMS+lmsy on input line 172
.

(/usr/share/texmf/tex/latex/lm/omslmsy.fd
File: omslmsy.fd 2009/10/30 v1.6 Font defs for Latin Modern
)
LaTeX Font Info:    Try loading font information for OMX+lmex on input line 172
.

(/usr/share/texmf/tex/latex/lm/omxlmex.fd
File: omxlmex.fd 2009/10/30 v1.6 Font defs for Latin Modern
)
LaTeX Font Info:    External font `lmex10' loaded for size
(Font)              <10.95> on input line 172.
LaTeX Font Info:    External font `lmex10' loaded for size
(Font)              <8> on input line 172.
LaTeX Font Info:    External font `lmex10' loaded for size
(Font)              <6> on input line 172.
LaTeX Font Info:    Try loading font information for U+msa on input line 172.

(/usr/share/texlive/texmf-dist/tex/latex/amsfonts/umsa.fd
File: umsa.fd 2013/01/14 v3.01 AMS symbols A
)
LaTeX Font Info:    Try loading font information for U+msb on input line 172.

(/usr/share/texlive/texmf-dist/tex/latex/amsfonts/umsb.fd
File: umsb.fd 2013/01/14 v3.01 AMS symbols B
)
LaTeX Font Info:    Try loading font information for U+lasy on input line 172.

(/usr/share/texlive/texmf-dist/tex/latex/base/ulasy.fd
File: ulasy.fd 1998/08/17 v2.2e LaTeX symbol font definitions
)
LaTeX Font Info:    Font shape `T1/lmss/m/it' in size <10.95> not available
(Font)              Font shape `T1/lmss/m/sl' tried instead on input line 172.
LaTeX Font Info:    Font shape `T1/lmss/m/it' in size <8> not available
(Font)              Font shape `T1/lmss/m/sl' tried instead on input line 172.
LaTeX Font Info:    Font shape `T1/lmss/m/it' in size <6> not available
(Font)              Font shape `T1/lmss/m/sl' tried instead on input line 172.
 [3

 <./figures/doiron0.png (PNG copy)>]
File: figures/doiron0.png Graphic file (type png)
 <use figures/doiron0.png>
Package pdftex.def Info: figures/doiron0.png used on input line 172.
(pdftex.def)             Requested size: 103.24802pt x 107.55011pt.
pdfTeX warning (ext4): destination with the same identifier (name{Navigation3})
 has been already used, duplicate ignored
<to be read again> 
                   \relax 
l.172 \end{frame}
                 pdfTeX warning (ext4): destination with the same identifier (n
ame{page.3}) has been already used, duplicate ignored
<to be read again> 
                   \relax 
l.172 \end{frame}
                  [3

]
File: figures/doiron0.png Graphic file (type png)
 <use figures/doiron0.png>
Package pdftex.def Info: figures/doiron0.png used on input line 172.
(pdftex.def)             Requested size: 103.24802pt x 107.55011pt.
pdfTeX warning (ext4): destination with the same identifier (name{Navigation3})
 has been already used, duplicate ignored
<to be read again> 
                   \relax 
l.172 \end{frame}
                 pdfTeX warning (ext4): destination with the same identifier (n
ame{page.3}) has been already used, duplicate ignored
<to be read again> 
                   \relax 
l.172 \end{frame}
                  [3

]
File: figures/doiron0.png Graphic file (type png)
 <use figures/doiron0.png>
Package pdftex.def Info: figures/doiron0.png used on input line 172.
(pdftex.def)             Requested size: 103.24802pt x 107.55011pt.
pdfTeX warning (ext4): destination with the same identifier (name{Navigation3})
 has been already used, duplicate ignored
<to be read again> 
                   \relax 
l.172 \end{frame}
                 pdfTeX warning (ext4): destination with the same identifier (n
ame{page.3}) has been already used, duplicate ignored
<to be read again> 
                   \relax 
l.172 \end{frame}
                  [3

]
File: figures/doiron0.png Graphic file (type png)
 <use figures/doiron0.png>
Package pdftex.def Info: figures/doiron0.png used on input line 172.
(pdftex.def)             Requested size: 103.24802pt x 107.55011pt.
pdfTeX warning (ext4): destination with the same identifier (name{Navigation3})
 has been already used, duplicate ignored
<to be read again> 
                   \relax 
l.172 \end{frame}
                 pdfTeX warning (ext4): destination with the same identifier (n
ame{page.3}) has been already used, duplicate ignored
<to be read again> 
                   \relax 
l.172 \end{frame}
                  [3

]
File: figures/doiron0.png Graphic file (type png)
 <use figures/doiron0.png>
Package pdftex.def Info: figures/doiron0.png used on input line 172.
(pdftex.def)             Requested size: 103.24802pt x 107.55011pt.
pdfTeX warning (ext4): destination with the same identifier (name{Navigation3})
 has been already used, duplicate ignored
<to be read again> 
                   \relax 
l.172 \end{frame}
                 pdfTeX warning (ext4): destination with the same identifier (n
ame{page.3}) has been already used, duplicate ignored
<to be read again> 
                   \relax 
l.172 \end{frame}
                  [3

]
File: figures/doiron0.png Graphic file (type png)
 <use figures/doiron0.png>
Package pdftex.def Info: figures/doiron0.png used on input line 172.
(pdftex.def)             Requested size: 103.24802pt x 107.55011pt.
pdfTeX warning (ext4): destination with the same identifier (name{Navigation3})
 has been already used, duplicate ignored
<to be read again> 
                   \relax 
l.172 \end{frame}
                 pdfTeX warning (ext4): destination with the same identifier (n
ame{page.3}) has been already used, duplicate ignored
<to be read again> 
                   \relax 
l.172 \end{frame}
                  [3

] <figures/brunel2.png, id=161, 1172.38pt x 677.53125pt>
File: figures/brunel2.png Graphic file (type png)

<use figures/brunel2.png>
Package pdftex.def Info: figures/brunel2.png used on input line 185.
(pdftex.def)             Requested size: 184.3758pt x 106.54631pt.
 [4

 <./figures/brunel2.png (PNG copy)>]
File: figures/brunel2.png Graphic file (type png)

<use figures/brunel2.png>
Package pdftex.def Info: figures/brunel2.png used on input line 185.
(pdftex.def)             Requested size: 184.3758pt x 106.54631pt.
pdfTeX warning (ext4): destination with the same identifier (name{Navigation4})
 has been already used, duplicate ignored
<to be read again> 
                   \relax 
l.185 \end{frame}
                 pdfTeX warning (ext4): destination with the same identifier (n
ame{page.4}) has been already used, duplicate ignored
<to be read again> 
                   \relax 
l.185 \end{frame}
                  [4

]
File: figures/brunel2.png Graphic file (type png)
 <use figures/brunel2.png>
Package pdftex.def Info: figures/brunel2.png used on input line 185.
(pdftex.def)             Requested size: 184.3758pt x 106.54631pt.
pdfTeX warning (ext4): destination with the same identifier (name{Navigation4})
 has been already used, duplicate ignored
<to be read again> 
                   \relax 
l.185 \end{frame}
                 pdfTeX warning (ext4): destination with the same identifier (n
ame{page.4}) has been already used, duplicate ignored
<to be read again> 
                   \relax 
l.185 \end{frame}
                  [4

]
<figures/boucsein0.png, id=174, 741.77126pt x 737.75626pt>
File: figures/boucsein0.png Graphic file (type png)

<use figures/boucsein0.png>
Package pdftex.def Info: figures/boucsein0.png used on input line 207.
(pdftex.def)             Requested size: 86.04079pt x 85.56627pt.

<figures/boucsein1.png, id=176, 446.66875pt x 268.00125pt>
File: figures/boucsein1.png Graphic file (type png)

<use figures/boucsein1.png>
Package pdftex.def Info: figures/boucsein1.png used on input line 207.
(pdftex.def)             Requested size: 188.05807pt x 112.83372pt.
 [5

 <./figures/boucsein0.png (PNG copy)> <./figures/boucsein1.png (PNG copy)>]
File: figures/boucsein0.png Graphic file (type png)
 <use figures/boucsein0.png>
Package pdftex.def Info: figures/boucsein0.png used on input line 207.
(pdftex.def)             Requested size: 86.04079pt x 85.56627pt.
File: figures/boucsein1.png Graphic file (type png)

<use figures/boucsein1.png>
Package pdftex.def Info: figures/boucsein1.png used on input line 207.
(pdftex.def)             Requested size: 188.05807pt x 112.83372pt.
pdfTeX warning (ext4): destination with the same identifier (name{Navigation5})
 has been already used, duplicate ignored
<to be read again> 
                   \relax 
l.207 \end{frame}
                 pdfTeX warning (ext4): destination with the same identifier (n
ame{page.5}) has been already used, duplicate ignored
<to be read again> 
                   \relax 
l.207 \end{frame}
                  [5

] <figures/song0.png, id=188, 780.9175pt x 704.6325pt>
File: figures/song0.png Graphic file (type png)

<use figures/song0.png>
Package pdftex.def Info: figures/song0.png used on input line 227.
(pdftex.def)             Requested size: 93.41766pt x 84.28345pt.
 <figures/song1.png, id=190, 695.59875pt x 503.8825pt>
File: figures/song1.png Graphic file (type png)

<use figures/song1.png>
Package pdftex.def Info: figures/song1.png used on input line 227.
(pdftex.def)             Requested size: 142.58348pt x 103.2812pt.
 [6

 <./figures/song0.png (PNG copy)> <./figures/song1.png (PNG copy)>]
File: figures/song0.png Graphic file (type png)
 <use figures/song0.png>
Package pdftex.def Info: figures/song0.png used on input line 227.
(pdftex.def)             Requested size: 93.41766pt x 84.28345pt.
File: figures/song1.png Graphic file (type png)
 <use figures/song1.png>
Package pdftex.def Info: figures/song1.png used on input line 227.
(pdftex.def)             Requested size: 142.58348pt x 103.2812pt.
pdfTeX warning (ext4): destination with the same identifier (name{Navigation6})
 has been already used, duplicate ignored
<to be read again> 
                   \relax 
l.227 \end{frame}
                 pdfTeX warning (ext4): destination with the same identifier (n
ame{page.6}) has been already used, duplicate ignored
<to be read again> 
                   \relax 
l.227 \end{frame}
                  [6

] (./topological_networks.toc) [7

]
<figures/roxin0.png, id=207, 1165.35374pt x 887.315pt>
File: figures/roxin0.png Graphic file (type png)

<use figures/roxin0.png>
Package pdftex.def Info: figures/roxin0.png used on input line 256.
(pdftex.def)             Requested size: 147.49782pt x 112.2951pt.

<figures/roxin1.png, id=208, 1090.0725pt x 809.0225pt>
File: figures/roxin1.png Graphic file (type png)

<use figures/roxin1.png>
Package pdftex.def Info: figures/roxin1.png used on input line 256.
(pdftex.def)             Requested size: 147.49782pt x 109.46022pt.
pdfTeX warning (ext4): destination with the same identifier (name{Navigation7})
 has been already used, duplicate ignored
<to be read again> 
                   \relax 
l.256 \end{frame}
                 pdfTeX warning (ext4): destination with the same identifier (n
ame{page.7}) has been already used, duplicate ignored
<to be read again> 
                   \relax 
l.256 \end{frame}
                  [7

 <./figures/roxin0.png (PNG copy)> <./figures/roxin1.png (PNG copy)>]
File: figures/roxin0.png Graphic file (type png)
 <use figures/roxin0.png>
Package pdftex.def Info: figures/roxin0.png used on input line 256.
(pdftex.def)             Requested size: 147.49782pt x 112.2951pt.
File: figures/roxin1.png Graphic file (type png)
 <use figures/roxin1.png>
Package pdftex.def Info: figures/roxin1.png used on input line 256.
(pdftex.def)             Requested size: 147.49782pt x 109.46022pt.
pdfTeX warning (ext4): destination with the same identifier (name{Navigation7})
 has been already used, duplicate ignored
<to be read again> 
                   \relax 
l.256 \end{frame}
                 pdfTeX warning (ext4): destination with the same identifier (n
ame{page.7}) has been already used, duplicate ignored
<to be read again> 
                   \relax 
l.256 \end{frame}
                  [7

]
File: figures/roxin0.png Graphic file (type png)
 <use figures/roxin0.png>
Package pdftex.def Info: figures/roxin0.png used on input line 256.
(pdftex.def)             Requested size: 147.49782pt x 112.2951pt.
File: figures/roxin1.png Graphic file (type png)
 <use figures/roxin1.png>
Package pdftex.def Info: figures/roxin1.png used on input line 256.
(pdftex.def)             Requested size: 147.49782pt x 109.46022pt.
pdfTeX warning (ext4): destination with the same identifier (name{Navigation7})
 has been already used, duplicate ignored
<to be read again> 
                   \relax 
l.256 \end{frame}
                 pdfTeX warning (ext4): destination with the same identifier (n
ame{page.7}) has been already used, duplicate ignored
<to be read again> 
                   \relax 
l.256 \end{frame}
                  [7

]
<figures/kriener_dale0.png, id=222, 1631.09375pt x 847.165pt>
File: figures/kriener_dale0.png Graphic file (type png)

<use figures/kriener_dale0.png>
Package pdftex.def Info: figures/kriener_dale0.png used on input line 268.
(pdftex.def)             Requested size: 215.10196pt x 111.71236pt.
 [8

 <./figures/kriener_dale0.png (PNG copy)>]
<figures/kriener_dale1.png, id=230, 1643.13875pt x 783.92876pt>
File: figures/kriener_dale1.png Graphic file (type png)

<use figures/kriener_dale1.png>
Package pdftex.def Info: figures/kriener_dale1.png used on input line 291.
(pdftex.def)             Requested size: 147.49782pt x 70.35915pt.

<figures/kriener_dale2.png, id=231, 1580.90625pt x 876.27374pt>
File: figures/kriener_dale2.png Graphic file (type png)

<use figures/kriener_dale2.png>
Package pdftex.def Info: figures/kriener_dale2.png used on input line 291.
(pdftex.def)             Requested size: 173.90022pt x 96.3904pt.

Overfull \hbox (35.94891pt too wide) in paragraph at lines 291--291
 |  [] 
 []

[9

 <./figures/kriener_dale1.png (PNG copy)> <./figures/kriener_dale2.png (PNG cop
y)>]
File: figures/kriener_dale1.png Graphic file (type png)
 <use figures/kriener_dale1.png>
Package pdftex.def Info: figures/kriener_dale1.png used on input line 291.
(pdftex.def)             Requested size: 147.49782pt x 70.35915pt.
File: figures/kriener_dale2.png Graphic file (type png)
 <use figures/kriener_dale2.png>
Package pdftex.def Info: figures/kriener_dale2.png used on input line 291.
(pdftex.def)             Requested size: 173.90022pt x 96.3904pt.

Overfull \hbox (35.94891pt too wide) in paragraph at lines 291--291
 |  [] 
 []

pdfTeX warning (ext4): destination with the same identifier (name{Navigation9})
 has been already used, duplicate ignored
<to be read again> 
                   \relax 
l.291 \end{frame}
                 pdfTeX warning (ext4): destination with the same identifier (n
ame{page.9}) has been already used, duplicate ignored
<to be read again> 
                   \relax 
l.291 \end{frame}
                  [9

]
<figures/kriener_dist1a.png, id=243, 1364.09625pt x 633.36626pt>
File: figures/kriener_dist1a.png Graphic file (type png)

<use figures/kriener_dist1a.png>
Package pdftex.def Info: figures/kriener_dist1a.png used on input line 308.
(pdftex.def)             Requested size: 184.3758pt x 85.60706pt.
LaTeX Font Info:    Try loading font information for T1+lmr on input line 308.
 (/usr/share/texmf/tex/latex/lm/t1lmr.fd
File: t1lmr.fd 2009/10/30 v1.6 Font defs for Latin Modern
)
[10

 <./figures/kriener_dist1a.png (PNG copy)>]
File: figures/kriener_dist1a.png Graphic file (type png)

<use figures/kriener_dist1a.png>
Package pdftex.def Info: figures/kriener_dist1a.png used on input line 308.
(pdftex.def)             Requested size: 184.3758pt x 85.60706pt.
pdfTeX warning (ext4): destination with the same identifier (name{Navigation10}
) has been already used, duplicate ignored
<to be read again> 
                   \relax 
l.308 \end{frame}
                 pdfTeX warning (ext4): destination with the same identifier (n
ame{page.10}) has been already used, duplicate ignored
<to be read again> 
                   \relax 
l.308 \end{frame}
                  [10

]
File: figures/kriener_dist1a.png Graphic file (type png)
 <use figures/kriener_dist1a.png>
Package pdftex.def Info: figures/kriener_dist1a.png used on input line 330.
(pdftex.def)             Requested size: 105.09375pt x 48.79544pt.

<figures/kriener_dist2.png, id=263, 1141.26375pt x 1118.1775pt>
File: figures/kriener_dist2.png Graphic file (type png)

<use figures/kriener_dist2.png>
Package pdftex.def Info: figures/kriener_dist2.png used on input line 330.
(pdftex.def)             Requested size: 160.40472pt x 157.158pt.
 [11

 <./figures/kriener_dist2.png (PNG copy)>]
File: figures/kriener_dist1a.png Graphic file (type png)

<use figures/kriener_dist1a.png>
Package pdftex.def Info: figures/kriener_dist1a.png used on input line 330.
(pdftex.def)             Requested size: 105.09375pt x 48.79544pt.
File: figures/kriener_dist2.png Graphic file (type png)
 <use figures/kriener_dist2.png>
Package pdftex.def Info: figures/kriener_dist2.png used on input line 330.
(pdftex.def)             Requested size: 160.40472pt x 157.158pt.
pdfTeX warning (ext4): destination with the same identifier (name{Navigation11}
) has been already used, duplicate ignored
<to be read again> 
                   \relax 
l.330 \end{frame}
                 pdfTeX warning (ext4): destination with the same identifier (n
ame{page.11}) has been already used, duplicate ignored
<to be read again> 
                   \relax 
l.330 \end{frame}
                  [11

] <figures/doiron3.png, id=273, 1380.15625pt x 453.695pt>
File: figures/doiron3.png Graphic file (type png)

<use figures/doiron3.png>
Package pdftex.def Info: figures/doiron3.png used on input line 360.
(pdftex.def)             Requested size: 147.49782pt x 48.4805pt.

<figures/doiron4.png, id=274, 1494.58376pt x 790.955pt>
File: figures/doiron4.png Graphic file (type png)

<use figures/doiron4.png>
Package pdftex.def Info: figures/doiron4.png used on input line 360.
(pdftex.def)             Requested size: 147.49782pt x 78.05013pt.

<figures/rabinovich1.png, id=276, 94.08379pt x 58.42299pt>
File: figures/rabinovich1.png Graphic file (type png)

<use figures/rabinovich1.png>
Package pdftex.def Info: figures/rabinovich1.png used on input line 360.
(pdftex.def)             Requested size: 132.74713pt x 82.43613pt.

<figures/rabinovich2.png, id=277, 919.435pt x 522.95375pt>
File: figures/rabinovich2.png Graphic file (type png)

<use figures/rabinovich2.png>
Package pdftex.def Info: figures/rabinovich2.png used on input line 360.
(pdftex.def)             Requested size: 132.74713pt x 75.50317pt.
 [12

 <./figures/doiron3.png (PNG copy)> <./figures/doiron4.png (PNG copy)> <./figur
es/rabinovich1.png> <./figures/rabinovich2.png (PNG copy)>]
File: figures/doiron3.png Graphic file (type png)
 <use figures/doiron3.png>
Package pdftex.def Info: figures/doiron3.png used on input line 360.
(pdftex.def)             Requested size: 147.49782pt x 48.4805pt.
File: figures/doiron4.png Graphic file (type png)
 <use figures/doiron4.png>
Package pdftex.def Info: figures/doiron4.png used on input line 360.
(pdftex.def)             Requested size: 147.49782pt x 78.05013pt.
File: figures/rabinovich1.png Graphic file (type png)

<use figures/rabinovich1.png>
Package pdftex.def Info: figures/rabinovich1.png used on input line 360.
(pdftex.def)             Requested size: 132.74713pt x 82.43613pt.
File: figures/rabinovich2.png Graphic file (type png)
 <use figures/rabinovich2.png>
Package pdftex.def Info: figures/rabinovich2.png used on input line 360.
(pdftex.def)             Requested size: 132.74713pt x 75.50317pt.
pdfTeX warning (ext4): destination with the same identifier (name{Navigation12}
) has been already used, duplicate ignored
<to be read again> 
                   \relax 
l.360 \end{frame}
                 pdfTeX warning (ext4): destination with the same identifier (n
ame{page.12}) has been already used, duplicate ignored
<to be read again> 
                   \relax 
l.360 \end{frame}
                  [12

]
File: figures/doiron3.png Graphic file (type png)
 <use figures/doiron3.png>
Package pdftex.def Info: figures/doiron3.png used on input line 360.
(pdftex.def)             Requested size: 147.49782pt x 48.4805pt.
File: figures/doiron4.png Graphic file (type png)
 <use figures/doiron4.png>
Package pdftex.def Info: figures/doiron4.png used on input line 360.
(pdftex.def)             Requested size: 147.49782pt x 78.05013pt.
File: figures/rabinovich1.png Graphic file (type png)

<use figures/rabinovich1.png>
Package pdftex.def Info: figures/rabinovich1.png used on input line 360.
(pdftex.def)             Requested size: 132.74713pt x 82.43613pt.
File: figures/rabinovich2.png Graphic file (type png)
 <use figures/rabinovich2.png>
Package pdftex.def Info: figures/rabinovich2.png used on input line 360.
(pdftex.def)             Requested size: 132.74713pt x 75.50317pt.
pdfTeX warning (ext4): destination with the same identifier (name{Navigation12}
) has been already used, duplicate ignored
<to be read again> 
                   \relax 
l.360 \end{frame}
                 pdfTeX warning (ext4): destination with the same identifier (n
ame{page.12}) has been already used, duplicate ignored
<to be read again> 
                   \relax 
l.360 \end{frame}
                  [12

] (./topological_networks.toc) [13

]
<figures/churchland1.png, id=299, 1142.2675pt x 843.15pt>
File: figures/churchland1.png Graphic file (type png)

<use figures/churchland1.png>
Package pdftex.def Info: figures/churchland1.png used on input line 375.
(pdftex.def)             Requested size: 215.10196pt x 158.7721pt.
pdfTeX warning (ext4): destination with the same identifier (name{Navigation13}
) has been already used, duplicate ignored
<to be read again> 
                   \relax 
l.375 \end{frame}
                 pdfTeX warning (ext4): destination with the same identifier (n
ame{page.13}) has been already used, duplicate ignored
<to be read again> 
                   \relax 
l.375 \end{frame}
                  [13

 <./figures/churchland1.png (PNG copy)>]
File: figures/doiron3.png Graphic file (type png)

<use figures/doiron3.png>
Package pdftex.def Info: figures/doiron3.png used on input line 396.
(pdftex.def)             Requested size: 117.9987pt x 45.33061pt.
File: figures/doiron4.png Graphic file (type png)
 <use figures/doiron4.png>
Package pdftex.def Info: figures/doiron4.png used on input line 396.
(pdftex.def)             Requested size: 117.9987pt x 73.0053pt.

<figures/doiron2.png, id=307, 1471.4975pt x 837.1275pt>
File: figures/doiron2.png Graphic file (type png)

<use figures/doiron2.png>
Package pdftex.def Info: figures/doiron2.png used on input line 396.
(pdftex.def)             Requested size: 170.71652pt x 97.11707pt.

Overfull \hbox (23.2187pt too wide) in paragraph at lines 396--396
 [] 
 []

[14

 <./figures/doiron2.png (PNG copy)>]
File: figures/doiron3.png Graphic file (type png)
 <use figures/doiron3.png>
Package pdftex.def Info: figures/doiron3.png used on input line 396.
(pdftex.def)             Requested size: 117.9987pt x 45.33061pt.
File: figures/doiron4.png Graphic file (type png)

<use figures/doiron4.png>
Package pdftex.def Info: figures/doiron4.png used on input line 396.
(pdftex.def)             Requested size: 117.9987pt x 73.0053pt.
File: figures/doiron2.png Graphic file (type png)
 <use figures/doiron2.png>
Package pdftex.def Info: figures/doiron2.png used on input line 396.
(pdftex.def)             Requested size: 170.71652pt x 97.11707pt.

Overfull \hbox (23.2187pt too wide) in paragraph at lines 396--396
 [] 
 []

pdfTeX warning (ext4): destination with the same identifier (name{Navigation14}
) has been already used, duplicate ignored
<to be read again> 
                   \relax 
l.396 \end{frame}
                 pdfTeX warning (ext4): destination with the same identifier (n
ame{page.14}) has been already used, duplicate ignored
<to be read again> 
                   \relax 
l.396 \end{frame}
                  [14

]
<figures/churchland3.png, id=325, 638.385pt x 745.78625pt>
File: figures/churchland3.png Graphic file (type png)

<use figures/churchland3.png>
Package pdftex.def Info: figures/churchland3.png used on input line 418.
(pdftex.def)             Requested size: 103.24802pt x 120.61415pt.

<figures/churchland4.png, id=327, 672.5125pt x 457.71pt>
File: figures/churchland4.png Graphic file (type png)

<use figures/churchland4.png>
Package pdftex.def Info: figures/churchland4.png used on input line 418.
(pdftex.def)             Requested size: 103.24802pt x 70.26686pt.
 [15

 <./figures/churchland3.png (PNG copy)> <./figures/churchland4.png (PNG copy)>]
File: figures/churchland3.png Graphic file (type png)
 <use figures/churchland3.png>
Package pdftex.def Info: figures/churchland3.png used on input line 418.
(pdftex.def)             Requested size: 103.24802pt x 120.61415pt.
File: figures/churchland4.png Graphic file (type png)

<use figures/churchland4.png>
Package pdftex.def Info: figures/churchland4.png used on input line 418.
(pdftex.def)             Requested size: 103.24802pt x 70.26686pt.
pdfTeX warning (ext4): destination with the same identifier (name{Navigation15}
) has been already used, duplicate ignored
<to be read again> 
                   \relax 
l.418 \end{frame}
                 pdfTeX warning (ext4): destination with the same identifier (n
ame{page.15}) has been already used, duplicate ignored
<to be read again> 
                   \relax 
l.418 \end{frame}
                  [15

]
File: figures/churchland3.png Graphic file (type png)
 <use figures/churchland3.png>
Package pdftex.def Info: figures/churchland3.png used on input line 418.
(pdftex.def)             Requested size: 103.24802pt x 120.61415pt.
File: figures/churchland4.png Graphic file (type png)

<use figures/churchland4.png>
Package pdftex.def Info: figures/churchland4.png used on input line 418.
(pdftex.def)             Requested size: 103.24802pt x 70.26686pt.
pdfTeX warning (ext4): destination with the same identifier (name{Navigation15}
) has been already used, duplicate ignored
<to be read again> 
                   \relax 
l.418 \end{frame}
                 pdfTeX warning (ext4): destination with the same identifier (n
ame{page.15}) has been already used, duplicate ignored
<to be read again> 
                   \relax 
l.418 \end{frame}
                  [15

]
<figures/hennequin1.png, id=343, 1042.89626pt x 470.75874pt>
File: figures/hennequin1.png Graphic file (type png)

<use figures/hennequin1.png>
Package pdftex.def Info: figures/hennequin1.png used on input line 439.
(pdftex.def)             Requested size: 147.49782pt x 66.5738pt.

<figures/hennequin2.png, id=345, 891.33pt x 599.23875pt>
File: figures/hennequin2.png Graphic file (type png)

<use figures/hennequin2.png>
Package pdftex.def Info: figures/hennequin2.png used on input line 439.
(pdftex.def)             Requested size: 117.9987pt x 79.33017pt.
 [16

 <./figures/hennequin1.png (PNG copy)> <./figures/hennequin2.png (PNG copy)>]
File: figures/hennequin1.png Graphic file (type png)
 <use figures/hennequin1.png>
Package pdftex.def Info: figures/hennequin1.png used on input line 439.
(pdftex.def)             Requested size: 147.49782pt x 66.5738pt.
File: figures/hennequin2.png Graphic file (type png)

<use figures/hennequin2.png>
Package pdftex.def Info: figures/hennequin2.png used on input line 439.
(pdftex.def)             Requested size: 117.9987pt x 79.33017pt.
pdfTeX warning (ext4): destination with the same identifier (name{Navigation16}
) has been already used, duplicate ignored
<to be read again> 
                   \relax 
l.439 \end{frame}
                 pdfTeX warning (ext4): destination with the same identifier (n
ame{page.16}) has been already used, duplicate ignored
<to be read again> 
                   \relax 
l.439 \end{frame}
                  [16

]
File: figures/hennequin1.png Graphic file (type png)
 <use figures/hennequin1.png>
Package pdftex.def Info: figures/hennequin1.png used on input line 439.
(pdftex.def)             Requested size: 147.49782pt x 66.5738pt.
File: figures/hennequin2.png Graphic file (type png)

<use figures/hennequin2.png>
Package pdftex.def Info: figures/hennequin2.png used on input line 439.
(pdftex.def)             Requested size: 117.9987pt x 79.33017pt.
pdfTeX warning (ext4): destination with the same identifier (name{Navigation16}
) has been already used, duplicate ignored
<to be read again> 
                   \relax 
l.439 \end{frame}
                 pdfTeX warning (ext4): destination with the same identifier (n
ame{page.16}) has been already used, duplicate ignored
<to be read again> 
                   \relax 
l.439 \end{frame}
                  [16

]
<figures/hennequin3.png, id=361, 1382.16376pt x 666.49pt>
File: figures/hennequin3.png Graphic file (type png)

<use figures/hennequin3.png>
Package pdftex.def Info: figures/hennequin3.png used on input line 453.
(pdftex.def)             Requested size: 245.83282pt x 118.53925pt.
 [17

 <./figures/hennequin3.png (PNG copy)>]
File: figures/hennequin3.png Graphic file (type png)

<use figures/hennequin3.png>
Package pdftex.def Info: figures/hennequin3.png used on input line 453.
(pdftex.def)             Requested size: 245.83282pt x 118.53925pt.
pdfTeX warning (ext4): destination with the same identifier (name{Navigation17}
) has been already used, duplicate ignored
<to be read again> 
                   \relax 
l.453 \end{frame}
                 pdfTeX warning (ext4): destination with the same identifier (n
ame{page.17}) has been already used, duplicate ignored
<to be read again> 
                   \relax 
l.453 \end{frame}
                  [17

] (./topological_networks.toc) [18

]pdfTeX warning (ext4): destination with the same identifier (name{Navigation18
}) has been already used, duplicate ignored
<to be read again> 
                   \relax 
l.474 \end{frame}
                 pdfTeX warning (ext4): destination with the same identifier (n
ame{page.18}) has been already used, duplicate ignored
<to be read again> 
                   \relax 
l.474 \end{frame}
                  [18

]pdfTeX warning (ext4): destination with the same identifier (name{Navigation18
}) has been already used, duplicate ignored
<to be read again> 
                   \relax 
l.474 \end{frame}
                 pdfTeX warning (ext4): destination with the same identifier (n
ame{page.18}) has been already used, duplicate ignored
<to be read again> 
                   \relax 
l.474 \end{frame}
                  [18

]pdfTeX warning (ext4): destination with the same identifier (name{Navigation18
}) has been already used, duplicate ignored
<to be read again> 
                   \relax 
l.474 \end{frame}
                 pdfTeX warning (ext4): destination with the same identifier (n
ame{page.18}) has been already used, duplicate ignored
<to be read again> 
                   \relax 
l.474 \end{frame}
                  [18

]pdfTeX warning (ext4): destination with the same identifier (name{Navigation18
}) has been already used, duplicate ignored
<to be read again> 
                   \relax 
l.474 \end{frame}
                 pdfTeX warning (ext4): destination with the same identifier (n
ame{page.18}) has been already used, duplicate ignored
<to be read again> 
                   \relax 
l.474 \end{frame}
                  [18

]pdfTeX warning (ext4): destination with the same identifier (name{Navigation18
}) has been already used, duplicate ignored
<to be read again> 
                   \relax 
l.474 \end{frame}
                 pdfTeX warning (ext4): destination with the same identifier (n
ame{page.18}) has been already used, duplicate ignored
<to be read again> 
                   \relax 
l.474 \end{frame}
                  [18

]pdfTeX warning (ext4): destination with the same identifier (name{Navigation18
}) has been already used, duplicate ignored
<to be read again> 
                   \relax 
l.474 \end{frame}
                 pdfTeX warning (ext4): destination with the same identifier (n
ame{page.18}) has been already used, duplicate ignored
<to be read again> 
                   \relax 
l.474 \end{frame}
                  [18

] (./topological_networks.toc) [19

]pdfTeX warning (ext4): destination with the same identifier (name{Navigation18
}) has been already used, duplicate ignored
<to be read again> 
                   \relax 
l.499 \end{frame}
                 pdfTeX warning (ext4): destination with the same identifier (n
ame{page.18}) has been already used, duplicate ignored
<to be read again> 
                   \relax 
l.499 \end{frame}
                  [18

 </usr/share/texlive/texmf-dist/tex/latex/beamer/art/beamericonarticle.pdf>]pdf
TeX warning (ext4): destination with the same identifier (name{Navigation18}) h
as been already used, duplicate ignored
<to be read again> 
                   \relax 
l.524 \end{frame}
                 pdfTeX warning (ext4): destination with the same identifier (n
ame{page.18}) has been already used, duplicate ignored
<to be read again> 
                   \relax 
l.524 \end{frame}
                  [18

]pdfTeX warning (ext4): destination with the same identifier (name{Navigation18
}) has been already used, duplicate ignored
<to be read again> 
                   \relax 
l.549 \end{frame}
                 pdfTeX warning (ext4): destination with the same identifier (n
ame{page.18}) has been already used, duplicate ignored
<to be read again> 
                   \relax 
l.549 \end{frame}
                  [18

]pdfTeX warning (ext4): destination with the same identifier (name{Navigation18
}) has been already used, duplicate ignored
<to be read again> 
                   \relax 
l.576 \end{frame}
                 pdfTeX warning (ext4): destination with the same identifier (n
ame{page.18}) has been already used, duplicate ignored
<to be read again> 
                   \relax 
l.576 \end{frame}
                  [18

]
\tf@nav=\write7
\openout7 = `topological_networks.nav'.

\tf@toc=\write8
\openout8 = `topological_networks.toc'.

\tf@snm=\write9
\openout9 = `topological_networks.snm'.

Package atveryend Info: Empty hook `BeforeClearDocument' on input line 579.
Package atveryend Info: Empty hook `AfterLastShipout' on input line 579.
 (./topological_networks.aux)
Package atveryend Info: Executing hook `AtVeryEndDocument' on input line 579.
Package atveryend Info: Executing hook `AtEndAfterFileList' on input line 579.
Package rerunfilecheck Info: File `topological_networks.out' has not changed.
(rerunfilecheck)             Checksum: 2B61B4848AE0F680214DDA886F91E776;972.
Package atveryend Info: Empty hook `AtVeryVeryEnd' on input line 579.
 ) 
Here is how much of TeX's memory you used:
 21019 strings out of 493029
 386802 string characters out of 6136233
 470639 words of memory out of 5000000
 23934 multiletter control sequences out of 15000+600000
 53729 words of font info for 49 fonts, out of 8000000 for 9000
 1141 hyphenation exceptions out of 8191
 56i,11n,65p,925b,588s stack positions out of 5000i,500n,10000p,200000b,80000s
{/usr/share/texmf/fonts/enc/dvips/lm/lm-ec.enc}{/usr/share/texmf/fonts/enc/dv
ips/lm/lm-mathsy.enc}{/usr/share/texmf/fonts/enc/dvips/lm/lm-mathit.enc}</usr/s
hare/texmf/fonts/type1/public/lm/lmmi10.pfb></usr/share/texmf/fonts/type1/publi
c/lm/lmr10.pfb></usr/share/texmf/fonts/type1/public/lm/lmr8.pfb></usr/share/tex
mf/fonts/type1/public/lm/lmss10.pfb></usr/share/texmf/fonts/type1/public/lm/lms
s12.pfb></usr/share/texmf/fonts/type1/public/lm/lmss8.pfb></usr/share/texmf/fon
ts/type1/public/lm/lmss9.pfb></usr/share/texmf/fonts/type1/public/lm/lmsso10.pf
b></usr/share/texmf/fonts/type1/public/lm/lmsy10.pfb>
Output written on topological_networks.pdf (63 pages, 5778525 bytes).
PDF statistics:
 476 PDF objects out of 1000 (max. 8388607)
 353 compressed objects within 4 object streams
 67 named destinations out of 1000 (max. 500000)
 341 words of extra memory for PDF output out of 10000 (max. 10000000)

